Log file open, 04/07/22 05:19:52
LogWindows: Failed to load 'aqProf.dll' (GetLastError=126)
LogWindows: File 'aqProf.dll' does not exist
LogWindows: Failed to load 'VtuneApi.dll' (GetLastError=126)
LogWindows: File 'VtuneApi.dll' does not exist
LogWindows: Failed to load 'VtuneApi32e.dll' (GetLastError=126)
LogWindows: File 'VtuneApi32e.dll' does not exist
LogConsoleResponse: Display: Failed to find resolution value strings in scalability ini. Falling back to default.
LogConsoleResponse: Display: Failed to find resolution value strings in scalability ini. Falling back to default.
LogInit: Display: Running engine for game: Disease
LogPlatformFile: Not using cached read wrapper
LogTaskGraph: Started task graph with 5 named threads and 14 total threads with 3 sets of task threads.
LogStats: Stats thread started at 0.338323
LogICUInternationalization: ICU TimeZone Detection - Raw Offset: +1:00, Platform Override: ''
LogInit: Display: Loading text-based GConfig....
LogPluginManager: Mounting plugin MeshPainting
LogPluginManager: Mounting plugin XGEController
LogPluginManager: Mounting plugin Paper2D
LogPluginManager: Mounting plugin LiveLink
LogPluginManager: Mounting plugin AISupport
LogPluginManager: Mounting plugin EnvironmentQueryEditor
LogPluginManager: Mounting plugin LightPropagationVolume
LogPluginManager: Mounting plugin CameraShakePreviewer
LogPluginManager: Mounting plugin GameplayCameras
LogPluginManager: Mounting plugin OodleData
LogPluginManager: Mounting plugin OodleNetwork
LogPluginManager: Mounting plugin AnimationSharing
LogPluginManager: Mounting plugin CLionSourceCodeAccess
LogPluginManager: Mounting plugin CodeLiteSourceCodeAccess
LogPluginManager: Mounting plugin GitSourceControl
LogPluginManager: Mounting plugin KDevelopSourceCodeAccess
LogPluginManager: Mounting plugin AssetManagerEditor
LogPluginManager: Mounting plugin NullSourceCodeAccess
LogPluginManager: Mounting plugin PerforceSourceControl
LogPluginManager: Mounting plugin CryptoKeys
LogPluginManager: Mounting plugin CurveEditorTools
LogPluginManager: Mounting plugin PixWinPlugin
LogPluginManager: Mounting plugin DataValidation
LogPluginManager: Mounting plugin PlasticSourceControl
LogPluginManager: Mounting plugin PluginUtils
LogPluginManager: Mounting plugin FacialAnimation
LogPluginManager: Mounting plugin PropertyAccessNode
LogPluginManager: Mounting plugin GameplayTagsEditor
LogPluginManager: Mounting plugin SubversionSourceControl
LogPluginManager: Mounting plugin GeometryMode
LogPluginManager: Mounting plugin MacGraphicsSwitching
LogPluginManager: Mounting plugin RiderSourceCodeAccess
LogPluginManager: Mounting plugin TextureFormatOodle
LogPluginManager: Mounting plugin MaterialAnalyzer
LogPluginManager: Mounting plugin MobileLauncherProfileWizard
LogPluginManager: Mounting plugin PluginBrowser
LogPluginManager: Mounting plugin UObjectPlugin
LogPluginManager: Mounting plugin VisualStudioCodeSourceCodeAccess
LogPluginManager: Mounting plugin VisualStudioSourceCodeAccess
LogPluginManager: Mounting plugin SpeedTreeImporter
LogPluginManager: Mounting plugin XCodeSourceCodeAccess
LogPluginManager: Mounting plugin DatasmithContent
LogPluginManager: Mounting plugin VariantManagerContent
LogPluginManager: Mounting plugin Niagara
LogPluginManager: Mounting plugin AlembicImporter
LogPluginManager: Mounting plugin AutomationUtils
LogPluginManager: Mounting plugin BackChannel
LogPluginManager: Mounting plugin ChaosCloth
LogPluginManager: Mounting plugin ChaosClothEditor
LogPluginManager: Mounting plugin ChaosEditor
LogPluginManager: Mounting plugin ChaosNiagara
LogPluginManager: Mounting plugin ChaosSolverPlugin
LogPluginManager: Mounting plugin CharacterAI
LogPluginManager: Mounting plugin GeometryCache
LogPluginManager: Mounting plugin GeometryCollectionPlugin
LogPluginManager: Mounting plugin GeometryProcessing
LogPluginManager: Mounting plugin MotoSynth
LogPluginManager: Mounting plugin OpenImageDenoise
LogPluginManager: Mounting plugin PlanarCut
LogPluginManager: Mounting plugin PlatformCrypto
LogPluginManager: Mounting plugin ProxyLODPlugin
LogPluginManager: Mounting plugin PythonScriptPlugin
LogPluginManager: Mounting plugin SkeletalReduction
LogPluginManager: Mounting plugin LuminPlatformFeatures
LogPluginManager: Mounting plugin MagicLeap
LogPluginManager: Mounting plugin MagicLeapLightEstimation
LogPluginManager: Mounting plugin MagicLeapMedia
LogPluginManager: Mounting plugin MagicLeapPassableWorld
LogPluginManager: Mounting plugin MLSDK
LogPluginManager: Mounting plugin AndroidMedia
LogPluginManager: Mounting plugin AvfMedia
LogPluginManager: Mounting plugin ImgMedia
LogPluginManager: Mounting plugin MediaCompositing
LogPluginManager: Mounting plugin MediaPlayerEditor
LogPluginManager: Mounting plugin WebMMedia
LogPluginManager: Mounting plugin WmfMedia
LogPluginManager: Mounting plugin TcpMessaging
LogPluginManager: Mounting plugin UdpMessaging
LogPluginManager: Mounting plugin ActorSequence
LogPluginManager: Mounting plugin LevelSequenceEditor
LogPluginManager: Mounting plugin MatineeToLevelSequence
LogPluginManager: Mounting plugin TemplateSequence
LogPluginManager: Mounting plugin OnlineSubsystem
LogPluginManager: Mounting plugin OnlineSubsystemNull
LogPluginManager: Mounting plugin OnlineSubsystemUtils
LogPluginManager: Mounting plugin LauncherChunkInstaller
LogPluginManager: Mounting plugin ActorLayerUtilities
LogPluginManager: Mounting plugin AndroidDeviceProfileSelector
LogPluginManager: Mounting plugin AndroidPermission
LogPluginManager: Mounting plugin AndroidMoviePlayer
LogPluginManager: Mounting plugin AppleImageUtils
LogPluginManager: Mounting plugin AppleMoviePlayer
LogPluginManager: Mounting plugin ArchVisCharacter
LogPluginManager: Mounting plugin AssetTags
LogPluginManager: Mounting plugin AudioCapture
LogPluginManager: Mounting plugin AudioSynesthesia
LogPluginManager: Mounting plugin CableComponent
LogPluginManager: Mounting plugin ChunkDownloader
LogPluginManager: Mounting plugin CustomMeshComponent
LogPluginManager: Mounting plugin EditableMesh
LogPluginManager: Mounting plugin ExampleDeviceProfileSelector
LogPluginManager: Mounting plugin GoogleCloudMessaging
LogPluginManager: Mounting plugin GooglePAD
LogPluginManager: Mounting plugin LinuxDeviceProfileSelector
LogPluginManager: Mounting plugin IOSDeviceProfileSelector
LogPluginManager: Mounting plugin LocationServicesBPLibrary
LogPluginManager: Mounting plugin MobilePatchingUtils
LogPluginManager: Mounting plugin OpenXR
LogPluginManager: Mounting plugin OpenXREyeTracker
LogPluginManager: Mounting plugin OpenXRHandTracking
LogPluginManager: Mounting plugin PhysXVehicles
LogPluginManager: Mounting plugin PostSplashScreen
LogPluginManager: Mounting plugin ProceduralMeshComponent
LogPluginManager: Mounting plugin PropertyAccessEditor
LogPluginManager: Mounting plugin RuntimePhysXCooking
LogPluginManager: Mounting plugin SignificanceManager
LogPluginManager: Mounting plugin SoundFields
LogPluginManager: Mounting plugin Synthesis
LogPluginManager: Mounting plugin WebMMoviePlayer
LogPluginManager: Mounting plugin WindowsMoviePlayer
LogPluginManager: Mounting plugin ScreenshotTools
LogPluginManager: Mounting plugin Takes
LogPluginManager: Mounting plugin ContentBrowserAssetDataSource
LogPluginManager: Mounting plugin ContentBrowserClassDataSource
LogPluginManager: Mounting plugin ContentBrowserFileDataSource
LogPluginManager: Mounting plugin OnlineSubsystemGooglePlay
LogPluginManager: Mounting plugin OnlineSubsystemIOS
LogPluginManager: Mounting plugin OculusVR
LogPluginManager: Mounting plugin SteamVR
PixWinPlugin: PIX capture plugin failed to initialize! Check that the process is launched from PIX.
LogInit: Using libcurl 7.55.1-DEV
LogInit:  - built for x86_64-pc-win32
LogInit:  - supports SSL with OpenSSL/1.1.1
LogInit:  - supports HTTP deflate (compression) using libz 1.2.8
LogInit:  - other features:
LogInit:      CURL_VERSION_SSL
LogInit:      CURL_VERSION_LIBZ
LogInit:      CURL_VERSION_IPV6
LogInit:      CURL_VERSION_ASYNCHDNS
LogInit:      CURL_VERSION_LARGEFILE
LogInit:      CURL_VERSION_IDN
LogInit:  CurlRequestOptions (configurable via config and command line):
LogInit:  - bVerifyPeer = true  - Libcurl will verify peer certificate
LogInit:  - bUseHttpProxy = false  - Libcurl will NOT use HTTP proxy
LogInit:  - bDontReuseConnections = false  - Libcurl will reuse connections
LogInit:  - MaxHostConnections = 16  - Libcurl will limit the number of connections to a host
LogInit:  - LocalHostAddr = Default
LogInit:  - BufferSize = 65536
LogOnline: OSS: Creating online subsystem instance for: NULL
LogInit: WinSock: version 1.1 (2.2), MaxSocks=32767, MaxUdp=65467
LogOnline: OSS: TryLoadSubsystemAndSetDefault: Loaded subsystem for module [NULL]
LogOculusPluginWrapper: OculusPlugin initialized successfully
LogHMD: Failed initializing OVRPlugin 1.59.0
LogInit: Build: ++UE4+Release-4.27-CL-18319896
LogInit: Engine Version: 4.27.2-18319896+++UE4+Release-4.27
LogInit: Compatible Engine Version: 4.27.0-17155196+++UE4+Release-4.27
LogInit: Net CL: 17155196
LogInit: OS: Windows 10 (Release 2009) (), CPU: Intel(R) Core(TM) i5-6400 CPU @ 2.70GHz, GPU: NVIDIA GeForce GTX 1050 Ti
LogInit: Compiled (64-bit): Nov 30 2021 07:12:08
LogInit: Compiled with Visual C++: 19.24.28315.00
LogInit: Build Configuration: Development
LogInit: Branch Name: ++UE4+Release-4.27
LogInit: Command Line: 
LogInit: Base Directory: F:/Epic Games/UE_4.27/Engine/Binaries/Win64/
LogInit: Allocator: TBB
LogInit: Installed Engine Build: 1
LogDevObjectVersion: Number of dev versions registered: 29
LogDevObjectVersion:   Dev-Blueprints (B0D832E4-1F89-4F0D-ACCF-7EB736FD4AA2): 10
LogDevObjectVersion:   Dev-Build (E1C64328-A22C-4D53-A36C-8E866417BD8C): 0
LogDevObjectVersion:   Dev-Core (375EC13C-06E4-48FB-B500-84F0262A717E): 4
LogDevObjectVersion:   Dev-Editor (E4B068ED-F494-42E9-A231-DA0B2E46BB41): 40
LogDevObjectVersion:   Dev-Framework (CFFC743F-43B0-4480-9391-14DF171D2073): 37
LogDevObjectVersion:   Dev-Mobile (B02B49B5-BB20-44E9-A304-32B752E40360): 3
LogDevObjectVersion:   Dev-Networking (A4E4105C-59A1-49B5-A7C5-40C4547EDFEE): 0
LogDevObjectVersion:   Dev-Online (39C831C9-5AE6-47DC-9A44-9C173E1C8E7C): 0
LogDevObjectVersion:   Dev-Physics (78F01B33-EBEA-4F98-B9B4-84EACCB95AA2): 14
LogDevObjectVersion:   Dev-Platform (6631380F-2D4D-43E0-8009-CF276956A95A): 0
LogDevObjectVersion:   Dev-Rendering (12F88B9F-8875-4AFC-A67C-D90C383ABD29): 45
LogDevObjectVersion:   Dev-Sequencer (7B5AE74C-D270-4C10-A958-57980B212A5A): 13
LogDevObjectVersion:   Dev-VR (D7296918-1DD6-4BDD-9DE2-64A83CC13884): 3
LogDevObjectVersion:   Dev-LoadTimes (C2A15278-BFE7-4AFE-6C17-90FF531DF755): 1
LogDevObjectVersion:   Private-Geometry (6EACA3D4-40EC-4CC1-B786-8BED09428FC5): 3
LogDevObjectVersion:   Dev-AnimPhys (29E575DD-E0A3-4627-9D10-D276232CDCEA): 17
LogDevObjectVersion:   Dev-Anim (AF43A65D-7FD3-4947-9873-3E8ED9C1BB05): 15
LogDevObjectVersion:   Dev-ReflectionCapture (6B266CEC-1EC7-4B8F-A30B-E4D90942FC07): 1
LogDevObjectVersion:   Dev-Automation (0DF73D61-A23F-47EA-B727-89E90C41499A): 1
LogDevObjectVersion:   FortniteMain (601D1886-AC64-4F84-AA16-D3DE0DEAC7D6): 47
LogDevObjectVersion:   FortniteRelease (E7086368-6B23-4C58-8439-1B7016265E91): 1
LogDevObjectVersion:   Dev-Enterprise (9DFFBCD6-494F-0158-E221-12823C92A888): 10
LogDevObjectVersion:   Dev-Niagara (F2AED0AC-9AFE-416F-8664-AA7FFA26D6FC): 1
LogDevObjectVersion:   Dev-Destruction (174F1F0B-B4C6-45A5-B13F-2EE8D0FB917D): 10
LogDevObjectVersion:   Dev-Physics-Ext (35F94A83-E258-406C-A318-09F59610247C): 41
LogDevObjectVersion:   Dev-PhysicsMaterial-Chaos (B68FC16E-8B1B-42E2-B453-215C058844FE): 1
LogDevObjectVersion:   Dev-CineCamera (B2E18506-4273-CFC2-A54E-F4BB758BBA07): 1
LogDevObjectVersion:   Dev-VirtualProduction (64F58936-FD1B-42BA-BA96-7289D5D0FA4E): 1
LogDevObjectVersion:   Dev-MediaFramework (6F0ED827-A609-4895-9C91-998D90180EA4): 2
LogInit: Presizing for max 25165824 objects, including 0 objects not considered by GC, pre-allocating 0 bytes for permanent pool.
LogConfig: Applying CVar settings from Section [/Script/Engine.StreamingSettings] File [D:/ETPA/Projects/Disease/GIT/Disease/Unreal/Saved/Config/Windows/Engine.ini]
LogConfig: Setting CVar [[s.MinBulkDataSizeForAsyncLoading:131072]]
LogConfig: Setting CVar [[s.AsyncLoadingThreadEnabled:0]]
LogConfig: Setting CVar [[s.EventDrivenLoaderEnabled:1]]
LogConfig: Setting CVar [[s.WarnIfTimeLimitExceeded:0]]
LogConfig: Setting CVar [[s.TimeLimitExceededMultiplier:1.5]]
LogConfig: Setting CVar [[s.TimeLimitExceededMinTime:0.005]]
LogConfig: Setting CVar [[s.UseBackgroundLevelStreaming:1]]
LogConfig: Setting CVar [[s.PriorityAsyncLoadingExtraTime:15.0]]
LogConfig: Setting CVar [[s.LevelStreamingActorsUpdateTimeLimit:5.0]]
LogConfig: Setting CVar [[s.PriorityLevelStreamingActorsUpdateExtraTime:5.0]]
LogConfig: Setting CVar [[s.LevelStreamingComponentsRegistrationGranularity:10]]
LogConfig: Setting CVar [[s.UnregisterComponentsTimeLimit:1.0]]
LogConfig: Setting CVar [[s.LevelStreamingComponentsUnregistrationGranularity:5]]
LogConfig: Setting CVar [[s.FlushStreamingOnExit:1]]
LogInit: Object subsystem initialized
LogConfig: Setting CVar [[con.DebugEarlyDefault:1]]
LogConfig: Setting CVar [[r.setres:1280x720]]
[2022.04.07-03.19.53:094][  0]LogConfig: Setting CVar [[r.VSync:0]]
[2022.04.07-03.19.53:094][  0]LogConfig: Setting CVar [[r.RHICmdBypass:0]]
[2022.04.07-03.19.53:094][  0]LogConfig: Applying CVar settings from Section [/Script/Engine.RendererSettings] File [D:/ETPA/Projects/Disease/GIT/Disease/Unreal/Saved/Config/Windows/Engine.ini]
[2022.04.07-03.19.53:094][  0]LogConfig: Setting CVar [[r.GPUCrashDebugging:0]]
[2022.04.07-03.19.53:094][  0]LogConfig: Applying CVar settings from Section [/Script/Engine.RendererOverrideSettings] File [D:/ETPA/Projects/Disease/GIT/Disease/Unreal/Saved/Config/Windows/Engine.ini]
[2022.04.07-03.19.53:094][  0]LogConfig: Applying CVar settings from Section [/Script/Engine.StreamingSettings] File [D:/ETPA/Projects/Disease/GIT/Disease/Unreal/Saved/Config/Windows/Engine.ini]
[2022.04.07-03.19.53:094][  0]LogConfig: Setting CVar [[s.MinBulkDataSizeForAsyncLoading:131072]]
[2022.04.07-03.19.53:094][  0]LogConfig: Setting CVar [[s.AsyncLoadingThreadEnabled:0]]
[2022.04.07-03.19.53:094][  0]LogConfig: Setting CVar [[s.EventDrivenLoaderEnabled:1]]
[2022.04.07-03.19.53:094][  0]LogConfig: Setting CVar [[s.WarnIfTimeLimitExceeded:0]]
[2022.04.07-03.19.53:094][  0]LogConfig: Setting CVar [[s.TimeLimitExceededMultiplier:1.5]]
[2022.04.07-03.19.53:094][  0]LogConfig: Setting CVar [[s.TimeLimitExceededMinTime:0.005]]
[2022.04.07-03.19.53:094][  0]LogConfig: Setting CVar [[s.UseBackgroundLevelStreaming:1]]
[2022.04.07-03.19.53:094][  0]LogConfig: Setting CVar [[s.PriorityAsyncLoadingExtraTime:15.0]]
[2022.04.07-03.19.53:094][  0]LogConfig: Setting CVar [[s.LevelStreamingActorsUpdateTimeLimit:5.0]]
[2022.04.07-03.19.53:094][  0]LogConfig: Setting CVar [[s.PriorityLevelStreamingActorsUpdateExtraTime:5.0]]
[2022.04.07-03.19.53:094][  0]LogConfig: Setting CVar [[s.LevelStreamingComponentsRegistrationGranularity:10]]
[2022.04.07-03.19.53:094][  0]LogConfig: Setting CVar [[s.UnregisterComponentsTimeLimit:1.0]]
[2022.04.07-03.19.53:094][  0]LogConfig: Setting CVar [[s.LevelStreamingComponentsUnregistrationGranularity:5]]
[2022.04.07-03.19.53:094][  0]LogConfig: Setting CVar [[s.FlushStreamingOnExit:1]]
[2022.04.07-03.19.53:094][  0]LogConfig: Applying CVar settings from Section [/Script/Engine.GarbageCollectionSettings] File [D:/ETPA/Projects/Disease/GIT/Disease/Unreal/Saved/Config/Windows/Engine.ini]
[2022.04.07-03.19.53:094][  0]LogConfig: Setting CVar [[gc.MaxObjectsNotConsideredByGC:1]]
[2022.04.07-03.19.53:094][  0]LogConfig: Setting CVar [[gc.SizeOfPermanentObjectPool:0]]
[2022.04.07-03.19.53:095][  0]LogConfig: Setting CVar [[gc.FlushStreamingOnGC:0]]
[2022.04.07-03.19.53:095][  0]LogConfig: Setting CVar [[gc.NumRetriesBeforeForcingGC:10]]
[2022.04.07-03.19.53:095][  0]LogConfig: Setting CVar [[gc.AllowParallelGC:1]]
[2022.04.07-03.19.53:095][  0]LogConfig: Setting CVar [[gc.TimeBetweenPurgingPendingKillObjects:61.1]]
[2022.04.07-03.19.53:095][  0]LogConfig: Setting CVar [[gc.MaxObjectsInEditor:25165824]]
[2022.04.07-03.19.53:095][  0]LogConfig: Setting CVar [[gc.IncrementalBeginDestroyEnabled:1]]
[2022.04.07-03.19.53:095][  0]LogConfig: Setting CVar [[gc.CreateGCClusters:1]]
[2022.04.07-03.19.53:095][  0]LogConfig: Setting CVar [[gc.MinGCClusterSize:5]]
[2022.04.07-03.19.53:095][  0]LogConfig: Setting CVar [[gc.ActorClusteringEnabled:0]]
[2022.04.07-03.19.53:095][  0]LogConfig: Setting CVar [[gc.BlueprintClusteringEnabled:0]]
[2022.04.07-03.19.53:095][  0]LogConfig: Setting CVar [[gc.UseDisregardForGCOnDedicatedServers:0]]
[2022.04.07-03.19.53:095][  0]LogConfig: Setting CVar [[gc.MultithreadedDestructionEnabled:1]]
[2022.04.07-03.19.53:095][  0]LogConfig: Applying CVar settings from Section [/Script/Engine.NetworkSettings] File [D:/ETPA/Projects/Disease/GIT/Disease/Unreal/Saved/Config/Windows/Engine.ini]
[2022.04.07-03.19.53:095][  0]LogConfig: Applying CVar settings from Section [/Script/UnrealEd.CookerSettings] File [D:/ETPA/Projects/Disease/GIT/Disease/Unreal/Saved/Config/Windows/Engine.ini]
[2022.04.07-03.19.53:138][  0]LogConfig: Applying CVar settings from Section [ViewDistanceQuality@3] File [D:/ETPA/Projects/Disease/GIT/Disease/Unreal/Saved/Config/Windows/Scalability.ini]
[2022.04.07-03.19.53:138][  0]LogConfig: Setting CVar [[r.SkeletalMeshLODBias:0]]
[2022.04.07-03.19.53:138][  0]LogConfig: Setting CVar [[r.ViewDistanceScale:1.0]]
[2022.04.07-03.19.53:139][  0]LogConfig: Applying CVar settings from Section [AntiAliasingQuality@3] File [D:/ETPA/Projects/Disease/GIT/Disease/Unreal/Saved/Config/Windows/Scalability.ini]
[2022.04.07-03.19.53:139][  0]LogConfig: Setting CVar [[r.PostProcessAAQuality:4]]
[2022.04.07-03.19.53:139][  0]LogConfig: Applying CVar settings from Section [ShadowQuality@3] File [D:/ETPA/Projects/Disease/GIT/Disease/Unreal/Saved/Config/Windows/Scalability.ini]
[2022.04.07-03.19.53:139][  0]LogConfig: Setting CVar [[r.LightFunctionQuality:1]]
[2022.04.07-03.19.53:139][  0]LogConfig: Setting CVar [[r.ShadowQuality:5]]
[2022.04.07-03.19.53:139][  0]LogConfig: Setting CVar [[r.Shadow.CSM.MaxCascades:10]]
[2022.04.07-03.19.53:139][  0]LogConfig: Setting CVar [[r.Shadow.MaxResolution:2048]]
[2022.04.07-03.19.53:139][  0]LogConfig: Setting CVar [[r.Shadow.MaxCSMResolution:2048]]
[2022.04.07-03.19.53:139][  0]LogConfig: Setting CVar [[r.Shadow.RadiusThreshold:0.01]]
[2022.04.07-03.19.53:139][  0]LogConfig: Setting CVar [[r.Shadow.DistanceScale:1.0]]
[2022.04.07-03.19.53:139][  0]LogConfig: Setting CVar [[r.Shadow.CSM.TransitionScale:1.0]]
[2022.04.07-03.19.53:139][  0]LogConfig: Setting CVar [[r.Shadow.PreShadowResolutionFactor:1.0]]
[2022.04.07-03.19.53:139][  0]LogConfig: Setting CVar [[r.DistanceFieldShadowing:1]]
[2022.04.07-03.19.53:139][  0]LogConfig: Setting CVar [[r.DistanceFieldAO:1]]
[2022.04.07-03.19.53:139][  0]LogConfig: Setting CVar [[r.AOQuality:2]]
[2022.04.07-03.19.53:139][  0]LogConfig: Setting CVar [[r.VolumetricFog:1]]
[2022.04.07-03.19.53:139][  0]LogConfig: Setting CVar [[r.VolumetricFog.GridPixelSize:8]]
[2022.04.07-03.19.53:139][  0]LogConfig: Setting CVar [[r.VolumetricFog.GridSizeZ:128]]
[2022.04.07-03.19.53:139][  0]LogConfig: Setting CVar [[r.VolumetricFog.HistoryMissSupersampleCount:4]]
[2022.04.07-03.19.53:139][  0]LogConfig: Setting CVar [[r.LightMaxDrawDistanceScale:1]]
[2022.04.07-03.19.53:139][  0]LogConfig: Setting CVar [[r.CapsuleShadows:1]]
[2022.04.07-03.19.53:139][  0]LogConfig: Applying CVar settings from Section [PostProcessQuality@3] File [D:/ETPA/Projects/Disease/GIT/Disease/Unreal/Saved/Config/Windows/Scalability.ini]
[2022.04.07-03.19.53:139][  0]LogConfig: Setting CVar [[r.MotionBlurQuality:4]]
[2022.04.07-03.19.53:139][  0]LogConfig: Setting CVar [[r.AmbientOcclusionMipLevelFactor:0.4]]
[2022.04.07-03.19.53:139][  0]LogConfig: Setting CVar [[r.AmbientOcclusionMaxQuality:100]]
[2022.04.07-03.19.53:139][  0]LogConfig: Setting CVar [[r.AmbientOcclusionLevels:-1]]
[2022.04.07-03.19.53:139][  0]LogConfig: Setting CVar [[r.AmbientOcclusionRadiusScale:1.0]]
[2022.04.07-03.19.53:139][  0]LogConfig: Setting CVar [[r.DepthOfFieldQuality:2]]
[2022.04.07-03.19.53:139][  0]LogConfig: Setting CVar [[r.RenderTargetPoolMin:400]]
[2022.04.07-03.19.53:139][  0]LogConfig: Setting CVar [[r.LensFlareQuality:2]]
[2022.04.07-03.19.53:139][  0]LogConfig: Setting CVar [[r.SceneColorFringeQuality:1]]
[2022.04.07-03.19.53:139][  0]LogConfig: Setting CVar [[r.EyeAdaptationQuality:2]]
[2022.04.07-03.19.53:139][  0]LogConfig: Setting CVar [[r.BloomQuality:5]]
[2022.04.07-03.19.53:139][  0]LogConfig: Setting CVar [[r.FastBlurThreshold:100]]
[2022.04.07-03.19.53:139][  0]LogConfig: Setting CVar [[r.Upscale.Quality:3]]
[2022.04.07-03.19.53:139][  0]LogConfig: Setting CVar [[r.Tonemapper.GrainQuantization:1]]
[2022.04.07-03.19.53:139][  0]LogConfig: Setting CVar [[r.LightShaftQuality:1]]
[2022.04.07-03.19.53:139][  0]LogConfig: Setting CVar [[r.Filter.SizeScale:1]]
[2022.04.07-03.19.53:139][  0]LogConfig: Setting CVar [[r.Tonemapper.Quality:5]]
[2022.04.07-03.19.53:139][  0]LogConfig: Setting CVar [[r.DOF.Gather.AccumulatorQuality:1        ; higher gathering accumulator quality]]
[2022.04.07-03.19.53:139][  0]LogConfig: Setting CVar [[r.DOF.Gather.PostfilterMethod:1          ; Median3x3 postfilering method]]
[2022.04.07-03.19.53:139][  0]LogConfig: Setting CVar [[r.DOF.Gather.EnableBokehSettings:0       ; no bokeh simulation when gathering]]
[2022.04.07-03.19.53:139][  0]LogConfig: Setting CVar [[r.DOF.Gather.RingCount:4                 ; medium number of samples when gathering]]
[2022.04.07-03.19.53:139][  0]LogConfig: Setting CVar [[r.DOF.Scatter.ForegroundCompositing:1    ; additive foreground scattering]]
[2022.04.07-03.19.53:139][  0]LogConfig: Setting CVar [[r.DOF.Scatter.BackgroundCompositing:2    ; additive background scattering]]
[2022.04.07-03.19.53:139][  0]LogConfig: Setting CVar [[r.DOF.Scatter.EnableBokehSettings:1      ; bokeh simulation when scattering]]
[2022.04.07-03.19.53:139][  0]LogConfig: Setting CVar [[r.DOF.Scatter.MaxSpriteRatio:0.1         ; only a maximum of 10% of scattered bokeh]]
[2022.04.07-03.19.53:139][  0]LogConfig: Setting CVar [[r.DOF.Recombine.Quality:1                ; cheap slight out of focus]]
[2022.04.07-03.19.53:140][  0]LogConfig: Setting CVar [[r.DOF.Recombine.EnableBokehSettings:0    ; no bokeh simulation on slight out of focus]]
[2022.04.07-03.19.53:140][  0]LogConfig: Setting CVar [[r.DOF.TemporalAAQuality:1                ; more stable temporal accumulation]]
[2022.04.07-03.19.53:140][  0]LogConfig: Setting CVar [[r.DOF.Kernel.MaxForegroundRadius:0.025]]
[2022.04.07-03.19.53:140][  0]LogConfig: Setting CVar [[r.DOF.Kernel.MaxBackgroundRadius:0.025]]
[2022.04.07-03.19.53:140][  0]LogConfig: Applying CVar settings from Section [TextureQuality@3] File [D:/ETPA/Projects/Disease/GIT/Disease/Unreal/Saved/Config/Windows/Scalability.ini]
[2022.04.07-03.19.53:140][  0]LogConfig: Setting CVar [[r.Streaming.MipBias:0]]
[2022.04.07-03.19.53:140][  0]LogConfig: Setting CVar [[r.Streaming.AmortizeCPUToGPUCopy:0]]
[2022.04.07-03.19.53:140][  0]LogConfig: Setting CVar [[r.Streaming.MaxNumTexturesToStreamPerFrame:0]]
[2022.04.07-03.19.53:140][  0]LogConfig: Setting CVar [[r.Streaming.Boost:1]]
[2022.04.07-03.19.53:140][  0]LogConfig: Setting CVar [[r.MaxAnisotropy:8]]
[2022.04.07-03.19.53:140][  0]LogConfig: Setting CVar [[r.VT.MaxAnisotropy:8]]
[2022.04.07-03.19.53:140][  0]LogConfig: Setting CVar [[r.Streaming.LimitPoolSizeToVRAM:0]]
[2022.04.07-03.19.53:140][  0]LogConfig: Setting CVar [[r.Streaming.PoolSize:1000]]
[2022.04.07-03.19.53:140][  0]LogConfig: Setting CVar [[r.Streaming.MaxEffectiveScreenSize:0]]
[2022.04.07-03.19.53:140][  0]LogConfig: Applying CVar settings from Section [EffectsQuality@3] File [D:/ETPA/Projects/Disease/GIT/Disease/Unreal/Saved/Config/Windows/Scalability.ini]
[2022.04.07-03.19.53:140][  0]LogConfig: Setting CVar [[r.TranslucencyLightingVolumeDim:64]]
[2022.04.07-03.19.53:140][  0]LogConfig: Setting CVar [[r.RefractionQuality:2]]
[2022.04.07-03.19.53:140][  0]LogConfig: Setting CVar [[r.SSR.Quality:3]]
[2022.04.07-03.19.53:140][  0]LogConfig: Setting CVar [[r.SSR.HalfResSceneColor:0]]
[2022.04.07-03.19.53:140][  0]LogConfig: Setting CVar [[r.SceneColorFormat:4]]
[2022.04.07-03.19.53:140][  0]LogConfig: Setting CVar [[r.DetailMode:2]]
[2022.04.07-03.19.53:140][  0]LogConfig: Setting CVar [[r.TranslucencyVolumeBlur:1]]
[2022.04.07-03.19.53:140][  0]LogConfig: Setting CVar [[r.MaterialQualityLevel:1 ; High quality]]
[2022.04.07-03.19.53:140][  0]LogConfig: Setting CVar [[r.AnisotropicMaterials:1]]
[2022.04.07-03.19.53:140][  0]LogConfig: Setting CVar [[r.SSS.Scale:1]]
[2022.04.07-03.19.53:140][  0]LogConfig: Setting CVar [[r.SSS.SampleSet:2]]
[2022.04.07-03.19.53:140][  0]LogConfig: Setting CVar [[r.SSS.Quality:1]]
[2022.04.07-03.19.53:140][  0]LogConfig: Setting CVar [[r.SSS.HalfRes:0]]
[2022.04.07-03.19.53:140][  0]LogConfig: Setting CVar [[r.SSGI.Quality:3]]
[2022.04.07-03.19.53:140][  0]LogConfig: Setting CVar [[r.EmitterSpawnRateScale:1.0]]
[2022.04.07-03.19.53:140][  0]LogConfig: Setting CVar [[r.ParticleLightQuality:2]]
[2022.04.07-03.19.53:140][  0]LogConfig: Setting CVar [[r.SkyAtmosphere.AerialPerspectiveLUT.FastApplyOnOpaque:1 ; Always have FastSkyLUT 1 in this case to avoid wrong sky]]
[2022.04.07-03.19.53:140][  0]LogConfig: Setting CVar [[r.SkyAtmosphere.AerialPerspectiveLUT.SampleCountMaxPerSlice:4]]
[2022.04.07-03.19.53:140][  0]LogConfig: Setting CVar [[r.SkyAtmosphere.AerialPerspectiveLUT.DepthResolution:16.0]]
[2022.04.07-03.19.53:140][  0]LogConfig: Setting CVar [[r.SkyAtmosphere.FastSkyLUT:1]]
[2022.04.07-03.19.53:140][  0]LogConfig: Setting CVar [[r.SkyAtmosphere.FastSkyLUT.SampleCountMin:4.0]]
[2022.04.07-03.19.53:140][  0]LogConfig: Setting CVar [[r.SkyAtmosphere.FastSkyLUT.SampleCountMax:128.0]]
[2022.04.07-03.19.53:140][  0]LogConfig: Setting CVar [[r.SkyAtmosphere.SampleCountMin:4.0]]
[2022.04.07-03.19.53:140][  0]LogConfig: Setting CVar [[r.SkyAtmosphere.SampleCountMax:128.0]]
[2022.04.07-03.19.53:140][  0]LogConfig: Setting CVar [[r.SkyAtmosphere.TransmittanceLUT.UseSmallFormat:0]]
[2022.04.07-03.19.53:140][  0]LogConfig: Setting CVar [[r.SkyAtmosphere.TransmittanceLUT.SampleCount:10.0]]
[2022.04.07-03.19.53:140][  0]LogConfig: Setting CVar [[r.SkyAtmosphere.MultiScatteringLUT.SampleCount:15.0]]
[2022.04.07-03.19.53:140][  0]LogConfig: Setting CVar [[r.SkyLight.RealTimeReflectionCapture:1]]
[2022.04.07-03.19.53:140][  0]LogConfig: Applying CVar settings from Section [FoliageQuality@3] File [D:/ETPA/Projects/Disease/GIT/Disease/Unreal/Saved/Config/Windows/Scalability.ini]
[2022.04.07-03.19.53:140][  0]LogConfig: Setting CVar [[foliage.DensityScale:1.0]]
[2022.04.07-03.19.53:140][  0]LogConfig: Setting CVar [[grass.DensityScale:1.0]]
[2022.04.07-03.19.53:141][  0]LogConfig: Applying CVar settings from Section [ShadingQuality@3] File [D:/ETPA/Projects/Disease/GIT/Disease/Unreal/Saved/Config/Windows/Scalability.ini]
[2022.04.07-03.19.53:141][  0]LogConfig: Setting CVar [[r.HairStrands.SkyLighting.IntegrationType:2]]
[2022.04.07-03.19.53:141][  0]LogConfig: Setting CVar [[r.HairStrands.SkyAO.SampleCount:4]]
[2022.04.07-03.19.53:141][  0]LogConfig: Setting CVar [[r.HairStrands.Visibility.MSAA.SamplePerPixel:4]]
[2022.04.07-03.19.53:141][  0]LogInit: Selected Device Profile: [Windows]
[2022.04.07-03.19.53:141][  0]LogInit: Applying CVar settings loaded from the selected device profile: [Windows]
[2022.04.07-03.19.53:141][  0]LogHAL: Display: Platform has ~ 16 GB [17141149696 / 17179869184 / 16], which maps to Larger [LargestMinGB=32, LargerMinGB=12, DefaultMinGB=8, SmallerMinGB=6, SmallestMinGB=0)
[2022.04.07-03.19.53:141][  0]LogInit: Going up to parent DeviceProfile []
[2022.04.07-03.19.53:141][  0]LogConfig: Applying CVar settings from Section [ViewDistanceQuality@3] File [D:/ETPA/Projects/Disease/GIT/Disease/Unreal/Saved/Config/Windows/Scalability.ini]
[2022.04.07-03.19.53:141][  0]LogConfig: Setting CVar [[r.SkeletalMeshLODBias:0]]
[2022.04.07-03.19.53:141][  0]LogConfig: Setting CVar [[r.ViewDistanceScale:1.0]]
[2022.04.07-03.19.53:141][  0]LogConfig: Applying CVar settings from Section [AntiAliasingQuality@3] File [D:/ETPA/Projects/Disease/GIT/Disease/Unreal/Saved/Config/Windows/Scalability.ini]
[2022.04.07-03.19.53:141][  0]LogConfig: Setting CVar [[r.PostProcessAAQuality:4]]
[2022.04.07-03.19.53:141][  0]LogConfig: Applying CVar settings from Section [ShadowQuality@3] File [D:/ETPA/Projects/Disease/GIT/Disease/Unreal/Saved/Config/Windows/Scalability.ini]
[2022.04.07-03.19.53:141][  0]LogConfig: Setting CVar [[r.LightFunctionQuality:1]]
[2022.04.07-03.19.53:141][  0]LogConfig: Setting CVar [[r.ShadowQuality:5]]
[2022.04.07-03.19.53:141][  0]LogConfig: Setting CVar [[r.Shadow.CSM.MaxCascades:10]]
[2022.04.07-03.19.53:141][  0]LogConfig: Setting CVar [[r.Shadow.MaxResolution:2048]]
[2022.04.07-03.19.53:141][  0]LogConfig: Setting CVar [[r.Shadow.MaxCSMResolution:2048]]
[2022.04.07-03.19.53:141][  0]LogConfig: Setting CVar [[r.Shadow.RadiusThreshold:0.01]]
[2022.04.07-03.19.53:141][  0]LogConfig: Setting CVar [[r.Shadow.DistanceScale:1.0]]
[2022.04.07-03.19.53:141][  0]LogConfig: Setting CVar [[r.Shadow.CSM.TransitionScale:1.0]]
[2022.04.07-03.19.53:141][  0]LogConfig: Setting CVar [[r.Shadow.PreShadowResolutionFactor:1.0]]
[2022.04.07-03.19.53:141][  0]LogConfig: Setting CVar [[r.DistanceFieldShadowing:1]]
[2022.04.07-03.19.53:141][  0]LogConfig: Setting CVar [[r.DistanceFieldAO:1]]
[2022.04.07-03.19.53:141][  0]LogConfig: Setting CVar [[r.AOQuality:2]]
[2022.04.07-03.19.53:141][  0]LogConfig: Setting CVar [[r.VolumetricFog:1]]
[2022.04.07-03.19.53:141][  0]LogConfig: Setting CVar [[r.VolumetricFog.GridPixelSize:8]]
[2022.04.07-03.19.53:141][  0]LogConfig: Setting CVar [[r.VolumetricFog.GridSizeZ:128]]
[2022.04.07-03.19.53:141][  0]LogConfig: Setting CVar [[r.VolumetricFog.HistoryMissSupersampleCount:4]]
[2022.04.07-03.19.53:141][  0]LogConfig: Setting CVar [[r.LightMaxDrawDistanceScale:1]]
[2022.04.07-03.19.53:141][  0]LogConfig: Setting CVar [[r.CapsuleShadows:1]]
[2022.04.07-03.19.53:141][  0]LogConfig: Applying CVar settings from Section [PostProcessQuality@3] File [D:/ETPA/Projects/Disease/GIT/Disease/Unreal/Saved/Config/Windows/Scalability.ini]
[2022.04.07-03.19.53:142][  0]LogConfig: Setting CVar [[r.MotionBlurQuality:4]]
[2022.04.07-03.19.53:142][  0]LogConfig: Setting CVar [[r.AmbientOcclusionMipLevelFactor:0.4]]
[2022.04.07-03.19.53:142][  0]LogConfig: Setting CVar [[r.AmbientOcclusionMaxQuality:100]]
[2022.04.07-03.19.53:142][  0]LogConfig: Setting CVar [[r.AmbientOcclusionLevels:-1]]
[2022.04.07-03.19.53:142][  0]LogConfig: Setting CVar [[r.AmbientOcclusionRadiusScale:1.0]]
[2022.04.07-03.19.53:142][  0]LogConfig: Setting CVar [[r.DepthOfFieldQuality:2]]
[2022.04.07-03.19.53:142][  0]LogConfig: Setting CVar [[r.RenderTargetPoolMin:400]]
[2022.04.07-03.19.53:142][  0]LogConfig: Setting CVar [[r.LensFlareQuality:2]]
[2022.04.07-03.19.53:142][  0]LogConfig: Setting CVar [[r.SceneColorFringeQuality:1]]
[2022.04.07-03.19.53:142][  0]LogConfig: Setting CVar [[r.EyeAdaptationQuality:2]]
[2022.04.07-03.19.53:142][  0]LogConfig: Setting CVar [[r.BloomQuality:5]]
[2022.04.07-03.19.53:142][  0]LogConfig: Setting CVar [[r.FastBlurThreshold:100]]
[2022.04.07-03.19.53:142][  0]LogConfig: Setting CVar [[r.Upscale.Quality:3]]
[2022.04.07-03.19.53:142][  0]LogConfig: Setting CVar [[r.Tonemapper.GrainQuantization:1]]
[2022.04.07-03.19.53:142][  0]LogConfig: Setting CVar [[r.LightShaftQuality:1]]
[2022.04.07-03.19.53:142][  0]LogConfig: Setting CVar [[r.Filter.SizeScale:1]]
[2022.04.07-03.19.53:142][  0]LogConfig: Setting CVar [[r.Tonemapper.Quality:5]]
[2022.04.07-03.19.53:142][  0]LogConfig: Setting CVar [[r.DOF.Gather.AccumulatorQuality:1        ; higher gathering accumulator quality]]
[2022.04.07-03.19.53:142][  0]LogConfig: Setting CVar [[r.DOF.Gather.PostfilterMethod:1          ; Median3x3 postfilering method]]
[2022.04.07-03.19.53:142][  0]LogConfig: Setting CVar [[r.DOF.Gather.EnableBokehSettings:0       ; no bokeh simulation when gathering]]
[2022.04.07-03.19.53:142][  0]LogConfig: Setting CVar [[r.DOF.Gather.RingCount:4                 ; medium number of samples when gathering]]
[2022.04.07-03.19.53:142][  0]LogConfig: Setting CVar [[r.DOF.Scatter.ForegroundCompositing:1    ; additive foreground scattering]]
[2022.04.07-03.19.53:142][  0]LogConfig: Setting CVar [[r.DOF.Scatter.BackgroundCompositing:2    ; additive background scattering]]
[2022.04.07-03.19.53:142][  0]LogConfig: Setting CVar [[r.DOF.Scatter.EnableBokehSettings:1      ; bokeh simulation when scattering]]
[2022.04.07-03.19.53:142][  0]LogConfig: Setting CVar [[r.DOF.Scatter.MaxSpriteRatio:0.1         ; only a maximum of 10% of scattered bokeh]]
[2022.04.07-03.19.53:142][  0]LogConfig: Setting CVar [[r.DOF.Recombine.Quality:1                ; cheap slight out of focus]]
[2022.04.07-03.19.53:142][  0]LogConfig: Setting CVar [[r.DOF.Recombine.EnableBokehSettings:0    ; no bokeh simulation on slight out of focus]]
[2022.04.07-03.19.53:142][  0]LogConfig: Setting CVar [[r.DOF.TemporalAAQuality:1                ; more stable temporal accumulation]]
[2022.04.07-03.19.53:142][  0]LogConfig: Setting CVar [[r.DOF.Kernel.MaxForegroundRadius:0.025]]
[2022.04.07-03.19.53:142][  0]LogConfig: Setting CVar [[r.DOF.Kernel.MaxBackgroundRadius:0.025]]
[2022.04.07-03.19.53:142][  0]LogConfig: Applying CVar settings from Section [TextureQuality@3] File [D:/ETPA/Projects/Disease/GIT/Disease/Unreal/Saved/Config/Windows/Scalability.ini]
[2022.04.07-03.19.53:142][  0]LogConfig: Setting CVar [[r.Streaming.MipBias:0]]
[2022.04.07-03.19.53:142][  0]LogConfig: Setting CVar [[r.Streaming.AmortizeCPUToGPUCopy:0]]
[2022.04.07-03.19.53:142][  0]LogConfig: Setting CVar [[r.Streaming.MaxNumTexturesToStreamPerFrame:0]]
[2022.04.07-03.19.53:142][  0]LogConfig: Setting CVar [[r.Streaming.Boost:1]]
[2022.04.07-03.19.53:142][  0]LogConfig: Setting CVar [[r.MaxAnisotropy:8]]
[2022.04.07-03.19.53:142][  0]LogConfig: Setting CVar [[r.VT.MaxAnisotropy:8]]
[2022.04.07-03.19.53:142][  0]LogConfig: Setting CVar [[r.Streaming.LimitPoolSizeToVRAM:0]]
[2022.04.07-03.19.53:142][  0]LogConfig: Setting CVar [[r.Streaming.PoolSize:1000]]
[2022.04.07-03.19.53:142][  0]LogConfig: Setting CVar [[r.Streaming.MaxEffectiveScreenSize:0]]
[2022.04.07-03.19.53:142][  0]LogConfig: Applying CVar settings from Section [EffectsQuality@3] File [D:/ETPA/Projects/Disease/GIT/Disease/Unreal/Saved/Config/Windows/Scalability.ini]
[2022.04.07-03.19.53:142][  0]LogConfig: Setting CVar [[r.TranslucencyLightingVolumeDim:64]]
[2022.04.07-03.19.53:142][  0]LogConfig: Setting CVar [[r.RefractionQuality:2]]
[2022.04.07-03.19.53:142][  0]LogConfig: Setting CVar [[r.SSR.Quality:3]]
[2022.04.07-03.19.53:142][  0]LogConfig: Setting CVar [[r.SSR.HalfResSceneColor:0]]
[2022.04.07-03.19.53:142][  0]LogConfig: Setting CVar [[r.SceneColorFormat:4]]
[2022.04.07-03.19.53:142][  0]LogConfig: Setting CVar [[r.DetailMode:2]]
[2022.04.07-03.19.53:142][  0]LogConfig: Setting CVar [[r.TranslucencyVolumeBlur:1]]
[2022.04.07-03.19.53:142][  0]LogConfig: Setting CVar [[r.MaterialQualityLevel:1 ; High quality]]
[2022.04.07-03.19.53:143][  0]LogConfig: Setting CVar [[r.AnisotropicMaterials:1]]
[2022.04.07-03.19.53:143][  0]LogConfig: Setting CVar [[r.SSS.Scale:1]]
[2022.04.07-03.19.53:143][  0]LogConfig: Setting CVar [[r.SSS.SampleSet:2]]
[2022.04.07-03.19.53:143][  0]LogConfig: Setting CVar [[r.SSS.Quality:1]]
[2022.04.07-03.19.53:143][  0]LogConfig: Setting CVar [[r.SSS.HalfRes:0]]
[2022.04.07-03.19.53:143][  0]LogConfig: Setting CVar [[r.SSGI.Quality:3]]
[2022.04.07-03.19.53:143][  0]LogConfig: Setting CVar [[r.EmitterSpawnRateScale:1.0]]
[2022.04.07-03.19.53:143][  0]LogConfig: Setting CVar [[r.ParticleLightQuality:2]]
[2022.04.07-03.19.53:143][  0]LogConfig: Setting CVar [[r.SkyAtmosphere.AerialPerspectiveLUT.FastApplyOnOpaque:1 ; Always have FastSkyLUT 1 in this case to avoid wrong sky]]
[2022.04.07-03.19.53:143][  0]LogConfig: Setting CVar [[r.SkyAtmosphere.AerialPerspectiveLUT.SampleCountMaxPerSlice:4]]
[2022.04.07-03.19.53:143][  0]LogConfig: Setting CVar [[r.SkyAtmosphere.AerialPerspectiveLUT.DepthResolution:16.0]]
[2022.04.07-03.19.53:143][  0]LogConfig: Setting CVar [[r.SkyAtmosphere.FastSkyLUT:1]]
[2022.04.07-03.19.53:143][  0]LogConfig: Setting CVar [[r.SkyAtmosphere.FastSkyLUT.SampleCountMin:4.0]]
[2022.04.07-03.19.53:143][  0]LogConfig: Setting CVar [[r.SkyAtmosphere.FastSkyLUT.SampleCountMax:128.0]]
[2022.04.07-03.19.53:143][  0]LogConfig: Setting CVar [[r.SkyAtmosphere.SampleCountMin:4.0]]
[2022.04.07-03.19.53:143][  0]LogConfig: Setting CVar [[r.SkyAtmosphere.SampleCountMax:128.0]]
[2022.04.07-03.19.53:143][  0]LogConfig: Setting CVar [[r.SkyAtmosphere.TransmittanceLUT.UseSmallFormat:0]]
[2022.04.07-03.19.53:143][  0]LogConfig: Setting CVar [[r.SkyAtmosphere.TransmittanceLUT.SampleCount:10.0]]
[2022.04.07-03.19.53:143][  0]LogConfig: Setting CVar [[r.SkyAtmosphere.MultiScatteringLUT.SampleCount:15.0]]
[2022.04.07-03.19.53:143][  0]LogConfig: Setting CVar [[r.SkyLight.RealTimeReflectionCapture:1]]
[2022.04.07-03.19.53:143][  0]LogConfig: Applying CVar settings from Section [FoliageQuality@3] File [D:/ETPA/Projects/Disease/GIT/Disease/Unreal/Saved/Config/Windows/Scalability.ini]
[2022.04.07-03.19.53:143][  0]LogConfig: Setting CVar [[foliage.DensityScale:1.0]]
[2022.04.07-03.19.53:143][  0]LogConfig: Setting CVar [[grass.DensityScale:1.0]]
[2022.04.07-03.19.53:143][  0]LogConfig: Applying CVar settings from Section [ShadingQuality@3] File [D:/ETPA/Projects/Disease/GIT/Disease/Unreal/Saved/Config/Windows/Scalability.ini]
[2022.04.07-03.19.53:143][  0]LogConfig: Setting CVar [[r.HairStrands.SkyLighting.IntegrationType:2]]
[2022.04.07-03.19.53:143][  0]LogConfig: Setting CVar [[r.HairStrands.SkyAO.SampleCount:4]]
[2022.04.07-03.19.53:143][  0]LogConfig: Setting CVar [[r.HairStrands.Visibility.MSAA.SamplePerPixel:4]]
[2022.04.07-03.19.53:143][  0]LogConfig: Applying CVar settings from Section [Startup] File [../../../Engine/Config/ConsoleVariables.ini]
[2022.04.07-03.19.53:143][  0]LogConfig: Setting CVar [[net.UseAdaptiveNetUpdateFrequency:0]]
[2022.04.07-03.19.53:143][  0]LogConfig: Setting CVar [[p.chaos.AllowCreatePhysxBodies:1]]
[2022.04.07-03.19.53:143][  0]LogConfig: Setting CVar [[fx.SkipVectorVMBackendOptimizations:1]]
[2022.04.07-03.19.53:143][  0]LogConfig: Applying CVar settings from Section [ConsoleVariables] File [D:/ETPA/Projects/Disease/GIT/Disease/Unreal/Saved/Config/Windows/Engine.ini]
[2022.04.07-03.19.53:143][  0]LogConfig: Applying CVar settings from Section [ConsoleVariables] File [D:/ETPA/Projects/Disease/GIT/Disease/Unreal/Saved/Config/Windows/Editor.ini]
[2022.04.07-03.19.53:144][  0]LogInit: Computer: DESKTOP-595H7G7
[2022.04.07-03.19.53:144][  0]LogInit: User: Utilisateur
[2022.04.07-03.19.53:144][  0]LogInit: CPU Page size=4096, Cores=4
[2022.04.07-03.19.53:144][  0]LogInit: High frequency timer resolution =10.000000 MHz
[2022.04.07-03.19.53:144][  0]LogMemory: Memory total: Physical=16.0GB (16GB approx)
[2022.04.07-03.19.53:144][  0]LogMemory: Platform Memory Stats for Windows
[2022.04.07-03.19.53:144][  0]LogMemory: Process Physical Memory: 143.30 MB used, 143.30 MB peak
[2022.04.07-03.19.53:144][  0]LogMemory: Process Virtual Memory: 127.47 MB used, 127.47 MB peak
[2022.04.07-03.19.53:144][  0]LogMemory: Physical Memory: 5941.41 MB used,  10405.66 MB free, 16347.07 MB total
[2022.04.07-03.19.53:144][  0]LogMemory: Virtual Memory: 134206496.00 MB used,  11229.96 MB free, 134217728.00 MB total
[2022.04.07-03.19.53:152][  0]LogWindows: WindowsPlatformFeatures enabled
[2022.04.07-03.19.53:217][  0]LogInit: Physics initialised using underlying interface: PhysX
[2022.04.07-03.19.53:220][  0]LogInit: Using OS detected language (fr-FR).
[2022.04.07-03.19.53:220][  0]LogInit: Using OS detected locale (fr-FR).
[2022.04.07-03.19.53:222][  0]LogTextLocalizationManager: No specific localization for 'fr-FR' exists, so the 'fr' localization will be used.
[2022.04.07-03.19.53:223][  0]LogTextLocalizationResource: LocRes '../../../Engine/Content/Localization/Editor/fr/Editor.locres' could not be opened for reading!
[2022.04.07-03.19.53:223][  0]LogTextLocalizationResource: LocRes '../../../Engine/Content/Localization/EditorTutorials/fr/EditorTutorials.locres' could not be opened for reading!
[2022.04.07-03.19.53:223][  0]LogTextLocalizationResource: LocRes '../../../Engine/Content/Localization/Keywords/fr/Keywords.locres' could not be opened for reading!
[2022.04.07-03.19.53:223][  0]LogTextLocalizationResource: LocRes '../../../Engine/Content/Localization/Category/fr/Category.locres' could not be opened for reading!
[2022.04.07-03.19.53:223][  0]LogTextLocalizationResource: LocRes '../../../Engine/Content/Localization/ToolTips/fr/ToolTips.locres' could not be opened for reading!
[2022.04.07-03.19.53:223][  0]LogTextLocalizationResource: LocRes '../../../Engine/Content/Localization/PropertyNames/fr/PropertyNames.locres' could not be opened for reading!
[2022.04.07-03.19.53:223][  0]LogTextLocalizationResource: LocRes '../../../Engine/Content/Localization/Engine/fr/Engine.locres' could not be opened for reading!
[2022.04.07-03.19.53:224][  0]LogInit: Setting process to per monitor DPI aware
[2022.04.07-03.19.53:239][  0]LogWindowsTextInputMethodSystem: Display: IME system deactivated.
[2022.04.07-03.19.53:259][  0]LogSlate: New Slate User Created.  User Index 0, Is Virtual User: 0
[2022.04.07-03.19.53:259][  0]LogSlate: Slate User Registered.  User Index 0, Is Virtual User: 0
[2022.04.07-03.19.53:434][  0]LogD3D11RHI: Loaded GFSDK_Aftermath_Lib.x64.dll
[2022.04.07-03.19.53:437][  0]LogHMD: Failed to initialize OpenVR with code 110
[2022.04.07-03.19.53:437][  0]LogD3D11RHI: D3D11 min allowed feature level: 11_0
[2022.04.07-03.19.53:437][  0]LogD3D11RHI: D3D11 max allowed feature level: 11_0
[2022.04.07-03.19.53:437][  0]LogD3D11RHI: D3D11 adapters:
[2022.04.07-03.19.53:555][  0]LogD3D11RHI:    0. 'NVIDIA GeForce GTX 1050 Ti' (Feature Level 11_0)
[2022.04.07-03.19.53:555][  0]LogD3D11RHI:       4018/0/8173 MB DedicatedVideo/DedicatedSystem/SharedSystem, Outputs:2, VendorId:0x10de
[2022.04.07-03.19.53:558][  0]LogD3D11RHI:    1. 'Microsoft Basic Render Driver' (Feature Level 11_0)
[2022.04.07-03.19.53:558][  0]LogD3D11RHI:       0/0/8173 MB DedicatedVideo/DedicatedSystem/SharedSystem, Outputs:0, VendorId:0x1414
[2022.04.07-03.19.53:558][  0]LogD3D11RHI: Chosen D3D11 Adapter:
[2022.04.07-03.19.53:558][  0]LogD3D11RHI:     Description : NVIDIA GeForce GTX 1050 Ti
[2022.04.07-03.19.53:558][  0]LogD3D11RHI:     VendorId    : 10de
[2022.04.07-03.19.53:558][  0]LogD3D11RHI:     DeviceId    : 1c82
[2022.04.07-03.19.53:558][  0]LogD3D11RHI:     SubSysId    : 8c961462
[2022.04.07-03.19.53:558][  0]LogD3D11RHI:     Revision    : 00a1
[2022.04.07-03.19.53:558][  0]LogD3D11RHI:     DedicatedVideoMemory : 4213178368 bytes
[2022.04.07-03.19.53:558][  0]LogD3D11RHI:     DedicatedSystemMemory : 0 bytes
[2022.04.07-03.19.53:558][  0]LogD3D11RHI:     SharedSystemMemory : 8570574848 bytes
[2022.04.07-03.19.53:558][  0]LogD3D11RHI:     AdapterLuid : 0 53735
[2022.04.07-03.19.53:565][  0]LogD3D11RHI: Creating new Direct3DDevice
[2022.04.07-03.19.53:565][  0]LogD3D11RHI:     GPU DeviceId: 0x1c82 (for the marketing name, search the web for "GPU Device Id")
[2022.04.07-03.19.53:565][  0]LogWindows: EnumDisplayDevices:
[2022.04.07-03.19.53:565][  0]LogWindows:    0. 'NVIDIA GeForce GTX 1050 Ti' (P:1 D:1)
[2022.04.07-03.19.53:565][  0]LogWindows:    1. 'NVIDIA GeForce GTX 1050 Ti' (P:0 D:1)
[2022.04.07-03.19.53:566][  0]LogWindows:    2. 'NVIDIA GeForce GTX 1050 Ti' (P:0 D:0)
[2022.04.07-03.19.53:566][  0]LogWindows:    3. 'NVIDIA GeForce GTX 1050 Ti' (P:0 D:0)
[2022.04.07-03.19.53:566][  0]LogWindows: DebugString: FoundDriverCount:4 
[2022.04.07-03.19.53:566][  0]LogD3D11RHI:     Adapter Name: NVIDIA GeForce GTX 1050 Ti
[2022.04.07-03.19.53:566][  0]LogD3D11RHI:   Driver Version: 496.76 (internal:30.0.14.9676, unified:496.76)
[2022.04.07-03.19.53:566][  0]LogD3D11RHI:      Driver Date: 11-9-2021
[2022.04.07-03.19.53:567][  0]LogRHI: Texture pool is 2812 MB (70% of 4018 MB)
[2022.04.07-03.19.53:567][  0]LogD3D11RHI: Creating D3DDevice using adapter:
[2022.04.07-03.19.53:567][  0]LogD3D11RHI:     Description : NVIDIA GeForce GTX 1050 Ti
[2022.04.07-03.19.53:567][  0]LogD3D11RHI:     VendorId    : 10de
[2022.04.07-03.19.53:567][  0]LogD3D11RHI:     DeviceId    : 1c82
[2022.04.07-03.19.53:567][  0]LogD3D11RHI:     SubSysId    : 8c961462
[2022.04.07-03.19.53:567][  0]LogD3D11RHI:     Revision    : 00a1
[2022.04.07-03.19.53:567][  0]LogD3D11RHI:     DedicatedVideoMemory : 4213178368 bytes
[2022.04.07-03.19.53:567][  0]LogD3D11RHI:     DedicatedSystemMemory : 0 bytes
[2022.04.07-03.19.53:567][  0]LogD3D11RHI:     SharedSystemMemory : 8570574848 bytes
[2022.04.07-03.19.53:567][  0]LogD3D11RHI:     AdapterLuid : 0 53735
[2022.04.07-03.19.53:644][  0]LogD3D11RHI: RHI has support for 64 bit atomics
[2022.04.07-03.19.53:644][  0]LogD3D11RHI: Async texture creation enabled
[2022.04.07-03.19.53:644][  0]LogD3D11RHI: Array index from any shader is supported
[2022.04.07-03.19.53:673][  0]LogD3D11RHI: GPU Timing Frequency: 1000.000000 (Debug: 2 1)
[2022.04.07-03.19.53:746][  0]LogRHI: GeForceNow SDK initialized: 1
[2022.04.07-03.19.54:142][  0]LogTargetPlatformManager: Display: Loaded TargetPlatform 'AllDesktop'
[2022.04.07-03.19.54:168][  0]LogTargetPlatformManager: Display: Loaded TargetPlatform 'Android'
[2022.04.07-03.19.54:168][  0]LogTargetPlatformManager: Display: Loaded TargetPlatform 'Android_ASTC'
[2022.04.07-03.19.54:168][  0]LogTargetPlatformManager: Display: Loaded TargetPlatform 'Android_DXT'
[2022.04.07-03.19.54:168][  0]LogTargetPlatformManager: Display: Loaded TargetPlatform 'Android_ETC2'
[2022.04.07-03.19.54:168][  0]LogTargetPlatformManager: Display: Loaded TargetPlatform 'AndroidClient'
[2022.04.07-03.19.54:168][  0]LogTargetPlatformManager: Display: Loaded TargetPlatform 'Android_ASTCClient'
[2022.04.07-03.19.54:168][  0]LogTargetPlatformManager: Display: Loaded TargetPlatform 'Android_DXTClient'
[2022.04.07-03.19.54:168][  0]LogTargetPlatformManager: Display: Loaded TargetPlatform 'Android_ETC2Client'
[2022.04.07-03.19.54:168][  0]LogTargetPlatformManager: Display: Loaded TargetPlatform 'Android_Multi'
[2022.04.07-03.19.54:168][  0]LogTargetPlatformManager: Display: Loaded TargetPlatform 'Android_MultiClient'
[2022.04.07-03.19.54:189][  0]LogTargetPlatformManager: Display: Loaded TargetPlatform 'IOSClient'
[2022.04.07-03.19.54:189][  0]LogTargetPlatformManager: Display: Loaded TargetPlatform 'IOS'
[2022.04.07-03.19.54:200][  0]LogTargetPlatformManager: Display: Loaded TargetPlatform 'Linux'
[2022.04.07-03.19.54:205][  0]LogTargetPlatformManager: Display: Loaded TargetPlatform 'LinuxNoEditor'
[2022.04.07-03.19.54:211][  0]LogTargetPlatformManager: Display: Loaded TargetPlatform 'LinuxClient'
[2022.04.07-03.19.54:215][  0]LogTargetPlatformManager: Display: Loaded TargetPlatform 'LinuxServer'
[2022.04.07-03.19.54:226][  0]LogTargetPlatformManager: Display: Loaded TargetPlatform 'LinuxAArch64NoEditor'
[2022.04.07-03.19.54:231][  0]LogTargetPlatformManager: Display: Loaded TargetPlatform 'LinuxAArch64Client'
[2022.04.07-03.19.54:237][  0]LogTargetPlatformManager: Display: Loaded TargetPlatform 'LinuxAArch64Server'
[2022.04.07-03.19.54:265][  0]LogTargetPlatformManager: Display: Loaded TargetPlatform 'Lumin'
[2022.04.07-03.19.54:265][  0]LogTargetPlatformManager: Display: Loaded TargetPlatform 'LuminClient'
[2022.04.07-03.19.54:275][  0]LogTargetPlatformManager: Display: Loaded TargetPlatform 'MacNoEditor'
[2022.04.07-03.19.54:280][  0]LogTargetPlatformManager: Display: Loaded TargetPlatform 'Mac'
[2022.04.07-03.19.54:286][  0]LogTargetPlatformManager: Display: Loaded TargetPlatform 'MacClient'
[2022.04.07-03.19.54:291][  0]LogTargetPlatformManager: Display: Loaded TargetPlatform 'MacServer'
[2022.04.07-03.19.54:303][  0]LogTargetPlatformManager: Display: Loaded TargetPlatform 'TVOSClient'
[2022.04.07-03.19.54:304][  0]LogTargetPlatformManager: Display: Loaded TargetPlatform 'TVOS'
[2022.04.07-03.19.54:314][  0]LogTargetPlatformManager: Display: Loaded TargetPlatform 'WindowsNoEditor'
[2022.04.07-03.19.54:319][  0]LogTargetPlatformManager: Display: Loaded TargetPlatform 'Windows'
[2022.04.07-03.19.54:325][  0]LogTargetPlatformManager: Display: Loaded TargetPlatform 'WindowsClient'
[2022.04.07-03.19.54:330][  0]LogTargetPlatformManager: Display: Loaded TargetPlatform 'WindowsServer'
[2022.04.07-03.19.54:330][  0]LogTargetPlatformManager: Display: Building Assets For Windows
[2022.04.07-03.19.54:339][  0]LogAudioDebug: Display: Lib vorbis DLL was dynamically loaded.
[2022.04.07-03.19.54:374][  0]LogTextureFormatOodle: Display: Oodle Texture 2.9.0 init RDO Off
[2022.04.07-03.19.54:412][  0]LogRendererCore: Ray tracing is disabled. Reason: r.RayTracing=0.
[2022.04.07-03.19.54:412][  0]LogShaderCompilers: Guid format shader working directory is 8 characters bigger than the processId version (D:/ETPA/Projects/Disease/GIT/Disease/Unreal/Intermediate/Shaders/WorkingDirectory/13120/).
[2022.04.07-03.19.54:413][  0]LogShaderCompilers: Cleaned the shader compiler working directory 'C:/Users/Utilisateur/AppData/Local/Temp/UnrealShaderWorkingDir/2578F38C40A8C7DCC79C2BA8560263B5/'.
[2022.04.07-03.19.54:413][  0]LogXGEController: Cannot use XGE Controller as Incredibuild is not installed on this machine.
[2022.04.07-03.19.54:413][  0]LogShaderCompilers: Cannot use XGE Shader Compiler as Incredibuild is not installed on this machine.
[2022.04.07-03.19.54:413][  0]LogShaderCompilers: Display: Using Local Shader Compiler.
[2022.04.07-03.19.55:326][  0]LogDerivedDataCache: Display: Max Cache Size: 512 MB
[2022.04.07-03.19.55:398][  0]LogDerivedDataCache: Loaded boot cache 0.07s 94MB C:/Users/Utilisateur/AppData/Local/UnrealEngine/4.27/DerivedDataCache/Boot.ddc.
[2022.04.07-03.19.55:398][  0]LogDerivedDataCache: Display: Loaded Boot cache: C:/Users/Utilisateur/AppData/Local/UnrealEngine/4.27/DerivedDataCache/Boot.ddc
[2022.04.07-03.19.55:398][  0]LogDerivedDataCache: FDerivedDataBackendGraph:  Pak pak cache file D:/ETPA/Projects/Disease/GIT/Disease/Unreal/DerivedDataCache/DDC.ddp not found, will not use a pak cache.
[2022.04.07-03.19.55:398][  0]LogDerivedDataCache: Unable to find inner node Pak for hierarchical cache Hierarchy.
[2022.04.07-03.19.55:398][  0]LogDerivedDataCache: FDerivedDataBackendGraph:  CompressedPak pak cache file D:/ETPA/Projects/Disease/GIT/Disease/Unreal/DerivedDataCache/Compressed.ddp not found, will not use a pak cache.
[2022.04.07-03.19.55:398][  0]LogDerivedDataCache: Unable to find inner node CompressedPak for hierarchical cache Hierarchy.
[2022.04.07-03.19.55:418][  0]LogDerivedDataCache: Display: Pak cache opened for reading ../../../Engine/DerivedDataCache/Compressed.ddp.
[2022.04.07-03.19.55:418][  0]LogDerivedDataCache: FDerivedDataBackendGraph:  EnterprisePak pak cache file ../../../Enterprise/DerivedDataCache/Compressed.ddp not found, will not use a pak cache.
[2022.04.07-03.19.55:418][  0]LogDerivedDataCache: Unable to find inner node EnterprisePak for hierarchical cache Hierarchy.
[2022.04.07-03.19.55:426][  0]LogDerivedDataCache: Speed tests for C:/Users/Utilisateur/AppData/Local/UnrealEngine/Common/DerivedDataCache took 0.01 seconds
[2022.04.07-03.19.55:426][  0]LogDerivedDataCache: Display: Performance to C:/Users/Utilisateur/AppData/Local/UnrealEngine/Common/DerivedDataCache: Latency=0.05ms. RandomReadSpeed=728.20MBs, RandomWriteSpeed=159.70MBs. Assigned SpeedClass 'Local'
[2022.04.07-03.19.55:427][  0]LogDerivedDataCache: Using Local data cache path C:/Users/Utilisateur/AppData/Local/UnrealEngine/Common/DerivedDataCache: Writable
[2022.04.07-03.19.55:427][  0]LogDerivedDataCache: Shared data cache path not found in *engine.ini, will not use an Shared cache.
[2022.04.07-03.19.55:427][  0]LogDerivedDataCache: Unable to find inner node Shared for hierarchical cache Hierarchy.
[2022.04.07-03.19.55:489][  0]LogSlate: Using FreeType 2.10.0
[2022.04.07-03.19.55:489][  0]LogSlate: SlateFontServices - WITH_FREETYPE: 1, WITH_HARFBUZZ: 1
[2022.04.07-03.19.55:521][  0]LogAssetRegistry: FAssetRegistry took 0.0035 seconds to start up
[2022.04.07-03.19.55:797][  0]LogInit: Selected Device Profile: [Windows]
[2022.04.07-03.19.55:797][  0]LogInit: Active device profile: [0000022FBDB3A900][0000022FAEB1E840 49] Windows
[2022.04.07-03.19.55:797][  0]LogInit: Profiles: [0000022FBDB3A900][0000022FAEB1E840 49] Windows, [0000022FBDAE5900][0000022FAF432980 49] WindowsNoEditor, [0000022FBDB39900][0000022FB20FAAC0 49] WindowsServer, [0000022FBDAE5300][0000022FBCCECC40 49] WindowsClient, [0000022FBDB39200][0000022FB22BEDC0 49] IOS, [0000022FBDAE7B00][0000022FB22C2F40 49] iPadAir, [0000022FBDB3BE00][0000022FB226D0C0 49] iPadAir2, [0000022FBDAA2900][0000022FAEA6B380 49] IPadPro, [0000022FBDAA2A00][0000022FAEA2B3C0 49] iPadAir3, [0000022FBDB38100][0000022FAEA6F540 49] iPadAir4, [0000022FBDAA3400][0000022FAEA736C0 49] iPadMini2, [0000022FBDB3B400][0000022FAEA77840 49] iPadMini3, [0000022FBDAA3300][0000022FAEA7B9C0 49] iPadMini4, [0000022FBDB39E00][0000022FAEA7FB40 49] iPadMini5, [0000022FBDADE200][0000022FAEA86280 49] iPhone6, [0000022FBDADE300][0000022FAEA822C0 49] iPodTouch6, [0000022FBDAA1F00][0000022FAEA8E580 49] iPhone7, [0000022FBDAA2000][0000022FAEA8A5C0 49] iPodTouch7, [0000022FBDADEC00][0000022FAEA92740 49] iPhone5S, [0000022FBDAA0A00][0000022FAEA968C0 49] iPhone6Plus, [0000022FBDADDB00][0000022FBC8DCA00 49] iPhone6S, [0000022FBDAA0B00][0000022FAEA9AB40 49] iPhone6SPlus, [0000022FBDADD600][0000022FAEA9EC80 49] iPhone7Plus, [0000022FBDAA0500][0000022FAEAA2DC0 49] iPhoneSE, [0000022FBDADE600][0000022FAEAAAF40 49] iPhone8, [0000022FBDAA2200][0000022FAEAAF0C0 49] iPhone8Plus, [0000022FBDADFC00][0000022FAEAB3240 49] iPhoneX, [0000022FBDAA1100][0000022FAEAB73C0 49] iPhoneXS, [0000022FBDADEB00][0000022FAEABB540 49] iPhoneXSMax, [0000022FBDAA0C00][0000022FAEABF6C0 49] iPhoneXR, [0000022FBDADDC00][0000022FAEAC3840 49] iPhone11, [0000022FBDAA2F00][0000022FAEAC79C0 49] iPhone11Pro, [0000022FBDADD100][0000022FAEACBB40 49] iPhone11ProMax, [0000022FBDAA1600][0000022FAEACE140 49] iPhoneSE2, [0000022FBDADF600][0000022FAEAD22C0 49] iPhone12Mini, [0000022FBDAA0100][0000022FAEAD6440 49] iPhone12, [0000022FBDADCC00][0000022FAEADA5C0 49] iPhone12Pro, [0000022FBDAA3A00][0000022FAEADE740 49] iPhone12ProMax, [0000022FBDADC600][0000022FAEAE28C0 49] iPadPro105, [0000022FBDAA1400][0000022FAEAE6A40 49] iPadPro129, [0000022FBDADCB00][0000022FAEAA6B80 49] iPadPro97, [0000022FBDAA2600][0000022FAEAEACC0 49] iPadPro2_129, [0000022FBDADD700][0000022FAEAEEE00 49] iPad5, [0000022FBDAA0600][0000022FAEAF2F40 49] iPad6, [0000022FBDADDF00][0000022FAEAFB0C0 49] iPad7, [0000022FBDAA2D00][0000022FAEAFF240 49] iPad8, [0000022FBDADEA00][0000022FAEB033C0 49] iPadPro11, [0000022FBDAA3F00][0000022FAEB07540 49] iPadPro2_11, [0000022FBDADE000][0000022FAEB0B6C0 49] iPadPro3_129, [0000022FBDAE6D00][0000022FAEB0F840 49] iPadPro4_129, [0000022FBDB75200][0000022FAEB139C0 49] AppleTV, [0000022FBDAE5E00][0000022FAEB17B40 49] AppleTV4K, [0000022FBDB74B00][0000022FAEB1A140 49] TVOS, [0000022FBDAE5700][0000022FBC7EC2C0 49] Mac, [0000022FBDB75000][0000022FBC7F0440 49] MacClient, [0000022FBDAE4C00][0000022FBC7F45C0 49] MacNoEditor, [0000022FBDB75B00][0000022FBC7F8740 49] MacServer, [0000022FBDAE6400][0000022FBC7FC8C0 49] Linux, [0000022FBDB75100][0000022FBC800A40 49] LinuxAArch64, [0000022FBDAE4400][0000022FBC804BC0 49] LinuxNoEditor, [0000022FBDB75700][0000022FBC808D40 49] LinuxAArch64NoEditor, [0000022FBDADCA00][0000022FAEAF6E80 49] LinuxClient, [0000022FBDAA3900][0000022FBC80CFC0 49] LinuxAArch64Client, [0000022FBDADC400][0000022FBC811100 49] LinuxServer, [0000022FBDAA3600][0000022FBC819280 49] LinuxAArch64Server, [0000022FBDADE900][0000022FBC81D400 49] Android, [0000022FBDAA2700][0000022FBC821580 49] Android_Low, [0000022FBDADD500][0000022FBC825700 49] Android_Mid, [0000022FBDAA3B00][0000022FBC829880 49] Android_High, [0000022FBDADE100][0000022FBC82DA00 49] Android_Default, [0000022FBDAA1D00][0000022FBC831B80 49] Android_Adreno4xx, [0000022FBDADD200][0000022FB2270180 49] Android_Adreno5xx_Low, [0000022FBDAA2800][0000022FB2274300 49] Android_Adreno5xx, [0000022FBDADF200][0000022FB2278480 49] Android_Adreno6xx, [0000022FBDAA3500][0000022FB227C600 49] Android_Adreno6xx_Vulkan, [0000022FBDADDE00][0000022FB2280780 49] Android_Mali_T6xx, [0000022FBDAA0300][0000022FB2284900 49] Android_Mali_T7xx, [0000022FBDADEE00][0000022FB2288A80 49] Android_Mali_T8xx, [0000022FBDAA1900][0000022FB228CC00 49] Android_Mali_G71, [0000022FBDADDD00][0000022FBC834D80 49] Android_Mali_G72, [0000022FBDAA3C00][0000022FBC838F00 49] Android_Mali_G72_Vulkan, [0000022FBDADEF00][0000022FBC815040 49] Android_Mali_G76, [0000022FBDB74700][0000022FBC83D180 49] Android_Mali_G76_Vulkan, [0000022FBDADC200][0000022FBC8412C0 49] Android_Mali_G77, [0000022FBDB74200][0000022FBC849440 49] Android_Mali_G77_Vulkan, [0000022FBDADE500][0000022FBC84D5C0 49] Android_Mali_G78, [0000022FBDAA1B00][0000022FBC851740 49] Android_Mali_G78_Vulkan, [0000022FBDADCD00][0000022FBC8558C0 49] Android_Mali_G710, [0000022FBDAA2500][0000022FBC859A40 49] Android_Mali_G710_Vulkan, [0000022FBDADCE00][0000022FBC85DBC0 49] Android_Vulkan_SM5, [0000022FBDAA1300][0000022FBC8601C0 49] Android_PowerVR_G6xxx, [0000022FBDADE400][0000022FBC864340 49] Android_PowerVR_GT7xxx, [0000022FBDAA0700][0000022FBC8684C0 49] Android_PowerVR_GE8xxx, [0000022FBDADFF00][0000022FBC86C640 49] Android_PowerVR_GM9xxx, [0000022FBDAA0F00][0000022FBC8707C0 49] Android_PowerVR_GM9xxx_Vulkan, [0000022FBDADD000][0000022FBC874940 49] Android_TegraK1, [0000022FBDAA2B00][0000022FBC878AC0 49] Android_Unknown_Vulkan, [0000022FBDADD300][0000022FBC87CC40 49] Lumin, [0000022FBDAA0900][0000022FBC880DC0 49] Lumin_Desktop, [0000022FBDADC500][0000022FBC884F40 49] HoloLens, 
[2022.04.07-03.19.55:951][  0]LogMeshReduction: Using QuadricMeshReduction for automatic static mesh reduction
[2022.04.07-03.19.55:951][  0]LogMeshReduction: Using SimplygonMeshReduction for automatic skeletal mesh reduction
[2022.04.07-03.19.55:951][  0]LogMeshReduction: Using ProxyLODMeshReduction for automatic mesh merging
[2022.04.07-03.19.55:951][  0]LogMeshReduction: No distributed automatic mesh merging module available
[2022.04.07-03.19.55:951][  0]LogMeshMerging: No distributed automatic mesh merging module available
[2022.04.07-03.19.55:975][  0]LogNetVersion: Disease 1.0.0, NetCL: 17155196, EngineNetVer: 17, GameNetVer: 0 (Checksum: 2842704042)
[2022.04.07-03.19.56:453][  0]LogTexture: Default maximum texture size for cubemaps generated from long-lat sources has been changed from 512 to unlimited. In order to preserve old behaiour for '/Engine/MapTemplates/Sky/DaylightAmbientCubemap.DaylightAmbientCubemap', its maximum texture size has been explicitly set to 512.
[2022.04.07-03.19.56:524][  0]LogHMD: PokeAHoleMaterial loaded successfully
[2022.04.07-03.19.56:530][  0]LogUObjectArray: 17178 objects as part of root set at end of initial load.
[2022.04.07-03.19.56:531][  0]LogUObjectAllocator: 4302048 out of 0 bytes used by permanent object pool.
[2022.04.07-03.19.56:531][  0]LogUObjectArray: CloseDisregardForGC: 0/0 objects in disregard for GC pool
[2022.04.07-03.19.56:847][  0]LogNiagaraDebuggerClient: Niagara Debugger Client Initialized | Session: A3767B1F43E1D8EB648F12A486FEBE57 | Instance: 77D25205401C338CBD40E49C4838B710 (DESKTOP-595H7G7-13120).
[2022.04.07-03.19.56:888][  0]LogPython: Using Python 3.7.7
[2022.04.07-03.19.57:626][  0]LogTcpMessaging: Initializing TcpMessaging bridge
[2022.04.07-03.19.57:631][  0]LogUdpMessaging: Initializing bridge on interface 0.0.0.0:0 to multicast group 230.0.0.1:6666.
[2022.04.07-03.19.57:799][  0]SourceControl: Source control is disabled
[2022.04.07-03.19.57:799][  0]SourceControl: Source control is disabled
[2022.04.07-03.19.57:802][  0]SourceControl: Source control is disabled
[2022.04.07-03.19.57:823][  0]SourceControl: Source control is disabled
[2022.04.07-03.19.57:830][  0]SourceControl: Source control is disabled
[2022.04.07-03.19.57:855][  0]LogUProjectInfo: Found projects:
[2022.04.07-03.19.57:864][  0]LogVSAccessor: Display: Unable to create Visual Studio setup instance: 80040154
[2022.04.07-03.19.57:865][  0]LogVSAccessor: Display: Unable to create Visual Studio setup instance: 80040154
[2022.04.07-03.19.57:866][  0]LogVSAccessor: Display: Unable to create Visual Studio setup instance: 80040154
[2022.04.07-03.19.58:063][  0]LogOpenImageDenoise: OIDN starting up
[2022.04.07-03.19.58:114][  0]LogAndroidPermission: UAndroidPermissionCallbackProxy::GetInstance
[2022.04.07-03.19.58:139][  0]LogAudioCaptureCore: Display: No Audio Capture implementations found. Audio input will be silent.
[2022.04.07-03.19.58:139][  0]LogAudioCaptureCore: Display: No Audio Capture implementations found. Audio input will be silent.
[2022.04.07-03.19.58:289][  0]LogCollectionManager: Loaded 0 collections in 0.000872 seconds
[2022.04.07-03.19.58:314][  0]LogFileCache: Scanning file cache for directory 'D:/ETPA/Projects/Disease/GIT/Disease/Unreal/Saved/Collections/' took 0.00s
[2022.04.07-03.19.58:314][  0]LogFileCache: Scanning file cache for directory 'D:/ETPA/Projects/Disease/GIT/Disease/Unreal/Content/Developers/Utilisateur/Collections/' took 0.00s
[2022.04.07-03.19.58:314][  0]LogFileCache: Scanning file cache for directory 'D:/ETPA/Projects/Disease/GIT/Disease/Unreal/Content/Collections/' took 0.00s
[2022.04.07-03.19.58:314][  0]LogOcInput: OculusInput pre-init called
[2022.04.07-03.19.58:597][  0]LogEngine: Initializing Engine...
[2022.04.07-03.19.58:600][  0]LogHMD: Failed to enumerate extensions. Please check that you have a valid OpenXR runtime installed.
[2022.04.07-03.19.58:601][  0]LogHMD: Failed to initialize OpenVR with code 110
[2022.04.07-03.19.58:601][  0]LogMagicLeap: Warning: VR disabled because ZI is not enabled.  To enable, in the editor, Edit -> Project Settings -> Plugins -> Magic Leap Plugin -> Enable Zero Iteration
[2022.04.07-03.19.58:602][  0]LogStats: UGameplayTagsManager::InitializeManager -  0.000 s
[2022.04.07-03.19.58:742][  0]LogInit: Initializing FReadOnlyCVARCache
[2022.04.07-03.19.58:751][  0]LogAIModule: Creating AISystem for world Untitled
[2022.04.07-03.19.58:772][  0]LogAudio: Display: Initializing Audio Device Manager...
[2022.04.07-03.19.58:776][  0]LogAudio: Display: Loading Default Audio Settings Objects...
[2022.04.07-03.19.58:777][  0]LogAudio: Display: No default SoundConcurrencyObject specified (or failed to load).
[2022.04.07-03.19.58:777][  0]LogAudio: Display: Audio Device Manager Initialized
[2022.04.07-03.19.58:777][  0]LogAudio: Display: Creating Audio Device:                 Id: 1, Scope: Shared, Realtime: True
[2022.04.07-03.19.58:777][  0]LogAudioMixer: Display: Audio Mixer Platform Settings:
[2022.04.07-03.19.58:777][  0]LogAudioMixer: Display: 	Sample Rate:						  48000
[2022.04.07-03.19.58:777][  0]LogAudioMixer: Display: 	Callback Buffer Frame Size Requested: 1024
[2022.04.07-03.19.58:777][  0]LogAudioMixer: Display: 	Callback Buffer Frame Size To Use:	  1024
[2022.04.07-03.19.58:777][  0]LogAudioMixer: Display: 	Number of buffers to queue:			  2
[2022.04.07-03.19.58:778][  0]LogAudioMixer: Display: 	Max Channels (voices):				  32
[2022.04.07-03.19.58:778][  0]LogAudioMixer: Display: 	Number of Async Source Workers:		  0
[2022.04.07-03.19.58:778][  0]LogAudio: Display: AudioDevice MaxSources: 32
[2022.04.07-03.19.58:778][  0]LogAudio: Display: Audio Spatialization Plugin: None (built-in).
[2022.04.07-03.19.58:778][  0]LogAudio: Display: Audio Reverb Plugin: None (built-in).
[2022.04.07-03.19.58:778][  0]LogAudio: Display: Audio Occlusion Plugin: None (built-in).
[2022.04.07-03.19.58:778][  0]LogAudioMixer: Display: Initializing audio mixer.
[2022.04.07-03.19.58:805][  0]LogAudioMixer: Display: 0: FrontLeft
[2022.04.07-03.19.58:805][  0]LogAudioMixer: Display: 1: FrontRight
[2022.04.07-03.19.58:836][  0]LogAudioMixer: Display: Using Audio Device Haut-parleurs (G433 Gaming Headset)
[2022.04.07-03.19.58:839][  0]LogAudioMixer: Display: Initializing Sound Submixes...
[2022.04.07-03.19.58:842][  0]LogAudioMixer: Display: Creating Master Submix 'MasterSubmixDefault'
[2022.04.07-03.19.58:842][  0]LogAudioMixer: Display: Creating Master Submix 'MasterReverbSubmixDefault'
[2022.04.07-03.19.58:843][  0]LogAudioMixer: Display: Creating Master Submix 'MasterEQSubmixDefault'
[2022.04.07-03.19.58:843][  0]LogAudioMixer: FMixerPlatformXAudio2::StartAudioStream() called
[2022.04.07-03.19.58:843][  0]LogAudioMixer: Display: Output buffers initialized: Frames=1024, Channels=2, Samples=2048
[2022.04.07-03.19.58:844][  0]LogAudioMixer: Display: Starting AudioMixerPlatformInterface::RunInternal()
[2022.04.07-03.19.58:845][  0]LogAudioMixer: Display: FMixerPlatformXAudio2::SubmitBuffer() called for the first time
[2022.04.07-03.19.58:845][  0]LogInit: FAudioDevice initialized.
[2022.04.07-03.19.58:845][  0]LogAudio: Display: Audio Device (ID: 1) registered with world 'Untitled'.
[2022.04.07-03.19.58:845][  0]LogNetVersion: Set ProjectVersion to 1.0.0.0. Version Checksum will be recalculated on next use.
[2022.04.07-03.19.58:934][  0]LogDerivedDataCache: Saved boot cache 0.09s 94MB C:/Users/Utilisateur/AppData/Local/UnrealEngine/4.27/DerivedDataCache/Boot.ddc.
[2022.04.07-03.19.58:934][  0]LogInit: Texture streaming: Enabled
[2022.04.07-03.19.58:948][  0]LogAnalytics: Display: [UEEditor.Rocket.Release] APIServer = https://datarouter.ol.epicgames.com/. AppVersion = 4.27.2-18319896+++UE4+Release-4.27
[2022.04.07-03.19.58:955][  0]LogEngineSessionManager: EngineSessionManager initialized
[2022.04.07-03.19.58:955][  0]LogEditorSessionSummary: Verbose: Initializing EditorSessionSummaryWriter for editor session tracking
[2022.04.07-03.19.58:970][  0]LogEditorSessionSummary: EditorSessionSummaryWriter initialized
[2022.04.07-03.19.59:031][  0]LogInit: Transaction tracking system initialized
[2022.04.07-03.19.59:054][  0]BlueprintLog: New page: Editor Load
[2022.04.07-03.19.59:128][  0]LocalizationService: Localization service is disabled
[2022.04.07-03.19.59:156][  0]TimingProfiler: Initialize
[2022.04.07-03.19.59:157][  0]TimingProfiler: OnSessionChanged
[2022.04.07-03.19.59:157][  0]LoadingProfiler: Initialize
[2022.04.07-03.19.59:157][  0]LoadingProfiler: OnSessionChanged
[2022.04.07-03.19.59:157][  0]NetworkingProfiler: Initialize
[2022.04.07-03.19.59:157][  0]NetworkingProfiler: OnSessionChanged
[2022.04.07-03.19.59:157][  0]MemoryProfiler: Initialize
[2022.04.07-03.19.59:157][  0]MemoryProfiler: OnSessionChanged
[2022.04.07-03.19.59:221][  0]LogVSAccessor: Display: Unable to create Visual Studio setup instance: 80040154
[2022.04.07-03.19.59:222][  0]LogVSAccessor: Display: Unable to create Visual Studio setup instance: 80040154
[2022.04.07-03.19.59:222][  0]LogVSAccessor: Display: Unable to create Visual Studio setup instance: 80040154
[2022.04.07-03.19.59:408][  0]LogCook: Display: CookSettings for Memory: MemoryMaxUsedVirtual 0MiB, MemoryMaxUsedPhysical 16384MiB, MemoryMinFreeVirtual 0MiB, MemoryMinFreePhysical 1024MiB
[2022.04.07-03.19.59:408][  0]LogCook: Display: Mobile HDR setting 1
[2022.04.07-03.19.59:413][  0]LogFileCache: Scanning file cache for directory 'D:/ETPA/Projects/Disease/GIT/Disease/Unreal/Content/' took 0.00s
[2022.04.07-03.19.59:413][  0]LogLinker: Warning: Failed to load '/Engine/BasicShapes/Cube': Can't find file.
[2022.04.07-03.19.59:413][  0]LogLinker: Warning: Failed to load '/Engine/BasicShapes/Cube': Can't find file.
[2022.04.07-03.19.59:414][  0]LogUObjectGlobals: Warning: Failed to find object 'StaticMesh /Engine/BasicShapes/Cube.Cube'
[2022.04.07-03.19.59:845][  0]LogInit: Display: Engine is initialized. Leaving FEngineLoop::Init()
[2022.04.07-03.19.59:855][  0]SourceControl: Source control is disabled
[2022.04.07-03.19.59:990][  0]LogSlate: Took 0.000215 seconds to synchronously load lazily loaded font '../../../Engine/Content/Slate/Fonts/Roboto-Regular.ttf' (155K)
[2022.04.07-03.20.12:147][  0]LogSlate: Window 'Restore Packages' being destroyed
[2022.04.07-03.20.12:148][  0]LogWindowsTextInputMethodSystem: Display: IME system deactivated.
[2022.04.07-03.20.12:170][  0]LogUnrealEdMisc: Loading editor; pre map load, took 22.151
[2022.04.07-03.20.12:171][  0]Cmd: MAP LOAD FILE="D:/ETPA/Projects/Disease/GIT/Disease/Unreal/Content/Base_UE/FirstPersonBP/Maps/FirstPersonExampleMap.umap" TEMPLATE=0 SHOWPROGRESS=1 FEATURELEVEL=3
[2022.04.07-03.20.12:174][  0]LightingResults: New page: Lighting Build
[2022.04.07-03.20.12:176][  0]LogWorld: UWorld::CleanupWorld for Untitled, bSessionEnded=true, bCleanupResources=true
[2022.04.07-03.20.12:176][  0]LogSlate: InvalidateAllWidgets triggered.  All widgets were invalidated
[2022.04.07-03.20.12:176][  0]MapCheck: New page: Map Check
[2022.04.07-03.20.12:176][  0]LightingResults: New page: Lighting Build
[2022.04.07-03.20.12:189][  0]LogAudio: Display: Audio Device unregistered from world 'None'.
[2022.04.07-03.20.12:192][  0]LogUObjectHash: Compacting FUObjectHashTables data took   0.95ms
[2022.04.07-03.20.12:708][  0]LogAudio: Display: Audio Device (ID: 1) registered with world 'FirstPersonExampleMap'.
[2022.04.07-03.20.12:709][  0]LogAIModule: Creating AISystem for world FirstPersonExampleMap
[2022.04.07-03.20.12:757][  0]LogEditorServer: Finished looking for orphan Actors (0.000 secs)
[2022.04.07-03.20.12:770][  0]LogUObjectHash: Compacting FUObjectHashTables data took   1.16ms
[2022.04.07-03.20.12:771][  0]Cmd: MAP CHECKDEP NOCLEARLOG
[2022.04.07-03.20.12:772][  0]MapCheck: Map check complete: 0 Error(s), 0 Warning(s), took 0,224ms to complete.
[2022.04.07-03.20.12:772][  0]LogFileHelpers: Loading map 'FirstPersonExampleMap' took 0.600
[2022.04.07-03.20.12:774][  0]LogUnrealEdMisc: Total Editor Startup Time, took 22.755
[2022.04.07-03.20.12:792][  0]LogWindowsTextInputMethodSystem: Display: IME system deactivated.
[2022.04.07-03.20.12:851][  0]LogSlate: Updating window title bar state: overlay mode, drag disabled, window buttons hidden, title bar hidden
[2022.04.07-03.20.12:858][  0]LogSlate: Updating window title bar state: overlay mode, drag disabled, window buttons hidden, title bar hidden
[2022.04.07-03.20.12:866][  0]LogSlate: Updating window title bar state: overlay mode, drag disabled, window buttons hidden, title bar hidden
[2022.04.07-03.20.12:874][  0]LogSlate: Updating window title bar state: overlay mode, drag disabled, window buttons hidden, title bar hidden
[2022.04.07-03.20.12:898][  0]LogNativeClassHierarchy: Verbose: Native class hierarchy populated in 0.0118 seconds. Added 3822 classes and 928 folders.
[2022.04.07-03.20.12:900][  0]LogNativeClassHierarchy: Verbose: Native class hierarchy updated for 'WidgetCarousel' in 0.0003 seconds. Added 0 classes and 0 folders.
[2022.04.07-03.20.12:902][  0]LogPakFile: PakFile PrimaryIndexSize=187
[2022.04.07-03.20.12:902][  0]LogPakFile: PakFile PathHashIndexSize=101
[2022.04.07-03.20.12:902][  0]LogPakFile: PakFile FullDirectoryIndexSize=148
[2022.04.07-03.20.12:902][  0]LogShaderLibrary: Display: ShaderCodeLibraryPakFileMountedCallback: PakFile 'F:/Epic Games/UE_4.27/FeaturePacks/FP_FirstPerson.upack' (chunk index -1, root 'root:/') mounted
[2022.04.07-03.20.12:902][  0]LogShaderLibrary: Display: ShaderCodeLibraryPakFileMountedCallback: pending pak file info (ChunkID:-1 Root:root:/ File:F:/Epic Games/UE_4.27/FeaturePacks/FP_FirstPerson.upack)
[2022.04.07-03.20.12:902][  0]LogPakFile: OnPakFileMounted2Time == 0.000130
[2022.04.07-03.20.12:903][  0]LogPakFile: PakFile PrimaryIndexSize=189
[2022.04.07-03.20.12:903][  0]LogPakFile: PakFile PathHashIndexSize=101
[2022.04.07-03.20.12:903][  0]LogPakFile: PakFile FullDirectoryIndexSize=152
[2022.04.07-03.20.12:903][  0]LogShaderLibrary: Display: ShaderCodeLibraryPakFileMountedCallback: PakFile 'F:/Epic Games/UE_4.27/FeaturePacks/FP_FirstPersonBP.upack' (chunk index -1, root 'root:/') mounted
[2022.04.07-03.20.12:903][  0]LogShaderLibrary: Display: ShaderCodeLibraryPakFileMountedCallback: pending pak file info (ChunkID:-1 Root:root:/ File:F:/Epic Games/UE_4.27/FeaturePacks/FP_FirstPersonBP.upack)
[2022.04.07-03.20.12:903][  0]LogPakFile: OnPakFileMounted2Time == 0.000058
[2022.04.07-03.20.12:904][  0]LogPakFile: PakFile PrimaryIndexSize=191
[2022.04.07-03.20.12:904][  0]LogPakFile: PakFile PathHashIndexSize=101
[2022.04.07-03.20.12:904][  0]LogPakFile: PakFile FullDirectoryIndexSize=160
[2022.04.07-03.20.12:904][  0]LogShaderLibrary: Display: ShaderCodeLibraryPakFileMountedCallback: PakFile 'F:/Epic Games/UE_4.27/FeaturePacks/MobileStarterContent.upack' (chunk index -1, root 'root:/') mounted
[2022.04.07-03.20.12:904][  0]LogShaderLibrary: Display: ShaderCodeLibraryPakFileMountedCallback: pending pak file info (ChunkID:-1 Root:root:/ File:F:/Epic Games/UE_4.27/FeaturePacks/MobileStarterContent.upack)
[2022.04.07-03.20.12:904][  0]LogPakFile: OnPakFileMounted2Time == 0.000052
[2022.04.07-03.20.12:905][  0]LogPakFile: PakFile PrimaryIndexSize=185
[2022.04.07-03.20.12:905][  0]LogPakFile: PakFile PathHashIndexSize=101
[2022.04.07-03.20.12:905][  0]LogPakFile: PakFile FullDirectoryIndexSize=148
[2022.04.07-03.20.12:905][  0]LogShaderLibrary: Display: ShaderCodeLibraryPakFileMountedCallback: PakFile 'F:/Epic Games/UE_4.27/FeaturePacks/StarterContent.upack' (chunk index -1, root 'root:/') mounted
[2022.04.07-03.20.12:905][  0]LogShaderLibrary: Display: ShaderCodeLibraryPakFileMountedCallback: pending pak file info (ChunkID:-1 Root:root:/ File:F:/Epic Games/UE_4.27/FeaturePacks/StarterContent.upack)
[2022.04.07-03.20.12:905][  0]LogPakFile: OnPakFileMounted2Time == 0.000053
[2022.04.07-03.20.12:906][  0]LogPakFile: PakFile PrimaryIndexSize=190
[2022.04.07-03.20.12:906][  0]LogPakFile: PakFile PathHashIndexSize=101
[2022.04.07-03.20.12:906][  0]LogPakFile: PakFile FullDirectoryIndexSize=154
[2022.04.07-03.20.12:906][  0]LogShaderLibrary: Display: ShaderCodeLibraryPakFileMountedCallback: PakFile 'F:/Epic Games/UE_4.27/FeaturePacks/TP_2DSideScroller.upack' (chunk index -1, root 'root:/') mounted
[2022.04.07-03.20.12:906][  0]LogShaderLibrary: Display: ShaderCodeLibraryPakFileMountedCallback: pending pak file info (ChunkID:-1 Root:root:/ File:F:/Epic Games/UE_4.27/FeaturePacks/TP_2DSideScroller.upack)
[2022.04.07-03.20.12:906][  0]LogPakFile: OnPakFileMounted2Time == 0.000062
[2022.04.07-03.20.12:907][  0]LogPakFile: PakFile PrimaryIndexSize=192
[2022.04.07-03.20.12:907][  0]LogPakFile: PakFile PathHashIndexSize=101
[2022.04.07-03.20.12:907][  0]LogPakFile: PakFile FullDirectoryIndexSize=158
[2022.04.07-03.20.12:907][  0]LogShaderLibrary: Display: ShaderCodeLibraryPakFileMountedCallback: PakFile 'F:/Epic Games/UE_4.27/FeaturePacks/TP_2DSideScrollerBP.upack' (chunk index -1, root 'root:/') mounted
[2022.04.07-03.20.12:907][  0]LogShaderLibrary: Display: ShaderCodeLibraryPakFileMountedCallback: pending pak file info (ChunkID:-1 Root:root:/ File:F:/Epic Games/UE_4.27/FeaturePacks/TP_2DSideScrollerBP.upack)
[2022.04.07-03.20.12:907][  0]LogPakFile: OnPakFileMounted2Time == 0.000058
[2022.04.07-03.20.12:907][  0]LogPakFile: PakFile PrimaryIndexSize=182
[2022.04.07-03.20.12:907][  0]LogPakFile: PakFile PathHashIndexSize=101
[2022.04.07-03.20.12:907][  0]LogPakFile: PakFile FullDirectoryIndexSize=138
[2022.04.07-03.20.12:907][  0]LogShaderLibrary: Display: ShaderCodeLibraryPakFileMountedCallback: PakFile 'F:/Epic Games/UE_4.27/FeaturePacks/TP_Flying.upack' (chunk index -1, root 'root:/') mounted
[2022.04.07-03.20.12:908][  0]LogShaderLibrary: Display: ShaderCodeLibraryPakFileMountedCallback: pending pak file info (ChunkID:-1 Root:root:/ File:F:/Epic Games/UE_4.27/FeaturePacks/TP_Flying.upack)
[2022.04.07-03.20.12:908][  0]LogPakFile: OnPakFileMounted2Time == 0.000064
[2022.04.07-03.20.12:908][  0]LogPakFile: PakFile PrimaryIndexSize=184
[2022.04.07-03.20.12:908][  0]LogPakFile: PakFile PathHashIndexSize=101
[2022.04.07-03.20.12:908][  0]LogPakFile: PakFile FullDirectoryIndexSize=142
[2022.04.07-03.20.12:908][  0]LogShaderLibrary: Display: ShaderCodeLibraryPakFileMountedCallback: PakFile 'F:/Epic Games/UE_4.27/FeaturePacks/TP_FlyingBP.upack' (chunk index -1, root 'root:/') mounted
[2022.04.07-03.20.12:908][  0]LogShaderLibrary: Display: ShaderCodeLibraryPakFileMountedCallback: pending pak file info (ChunkID:-1 Root:root:/ File:F:/Epic Games/UE_4.27/FeaturePacks/TP_FlyingBP.upack)
[2022.04.07-03.20.12:908][  0]LogPakFile: OnPakFileMounted2Time == 0.000061
[2022.04.07-03.20.12:909][  0]LogPakFile: PakFile PrimaryIndexSize=188
[2022.04.07-03.20.12:909][  0]LogPakFile: PakFile PathHashIndexSize=101
[2022.04.07-03.20.12:909][  0]LogPakFile: PakFile FullDirectoryIndexSize=150
[2022.04.07-03.20.12:909][  0]LogShaderLibrary: Display: ShaderCodeLibraryPakFileMountedCallback: PakFile 'F:/Epic Games/UE_4.27/FeaturePacks/TP_HandheldARBP.upack' (chunk index -1, root 'root:/') mounted
[2022.04.07-03.20.12:909][  0]LogShaderLibrary: Display: ShaderCodeLibraryPakFileMountedCallback: pending pak file info (ChunkID:-1 Root:root:/ File:F:/Epic Games/UE_4.27/FeaturePacks/TP_HandheldARBP.upack)
[2022.04.07-03.20.12:909][  0]LogPakFile: OnPakFileMounted2Time == 0.000060
[2022.04.07-03.20.12:910][  0]LogPakFile: PakFile PrimaryIndexSize=182
[2022.04.07-03.20.12:910][  0]LogPakFile: PakFile PathHashIndexSize=101
[2022.04.07-03.20.12:910][  0]LogPakFile: PakFile FullDirectoryIndexSize=138
[2022.04.07-03.20.12:910][  0]LogShaderLibrary: Display: ShaderCodeLibraryPakFileMountedCallback: PakFile 'F:/Epic Games/UE_4.27/FeaturePacks/TP_Puzzle.upack' (chunk index -1, root 'root:/') mounted
[2022.04.07-03.20.12:910][  0]LogShaderLibrary: Display: ShaderCodeLibraryPakFileMountedCallback: pending pak file info (ChunkID:-1 Root:root:/ File:F:/Epic Games/UE_4.27/FeaturePacks/TP_Puzzle.upack)
[2022.04.07-03.20.12:910][  0]LogPakFile: OnPakFileMounted2Time == 0.000059
[2022.04.07-03.20.12:911][  0]LogPakFile: PakFile PrimaryIndexSize=184
[2022.04.07-03.20.12:911][  0]LogPakFile: PakFile PathHashIndexSize=101
[2022.04.07-03.20.12:911][  0]LogPakFile: PakFile FullDirectoryIndexSize=142
[2022.04.07-03.20.12:911][  0]LogShaderLibrary: Display: ShaderCodeLibraryPakFileMountedCallback: PakFile 'F:/Epic Games/UE_4.27/FeaturePacks/TP_PuzzleBP.upack' (chunk index -1, root 'root:/') mounted
[2022.04.07-03.20.12:911][  0]LogShaderLibrary: Display: ShaderCodeLibraryPakFileMountedCallback: pending pak file info (ChunkID:-1 Root:root:/ File:F:/Epic Games/UE_4.27/FeaturePacks/TP_PuzzleBP.upack)
[2022.04.07-03.20.12:911][  0]LogPakFile: OnPakFileMounted2Time == 0.000058
[2022.04.07-03.20.12:912][  0]LogPakFile: PakFile PrimaryIndexSize=183
[2022.04.07-03.20.12:912][  0]LogPakFile: PakFile PathHashIndexSize=101
[2022.04.07-03.20.12:912][  0]LogPakFile: PakFile FullDirectoryIndexSize=140
[2022.04.07-03.20.12:912][  0]LogShaderLibrary: Display: ShaderCodeLibraryPakFileMountedCallback: PakFile 'F:/Epic Games/UE_4.27/FeaturePacks/TP_Rolling.upack' (chunk index -1, root 'root:/') mounted
[2022.04.07-03.20.12:912][  0]LogShaderLibrary: Display: ShaderCodeLibraryPakFileMountedCallback: pending pak file info (ChunkID:-1 Root:root:/ File:F:/Epic Games/UE_4.27/FeaturePacks/TP_Rolling.upack)
[2022.04.07-03.20.12:912][  0]LogPakFile: OnPakFileMounted2Time == 0.000057
[2022.04.07-03.20.12:913][  0]LogPakFile: PakFile PrimaryIndexSize=185
[2022.04.07-03.20.12:913][  0]LogPakFile: PakFile PathHashIndexSize=101
[2022.04.07-03.20.12:913][  0]LogPakFile: PakFile FullDirectoryIndexSize=144
[2022.04.07-03.20.12:913][  0]LogShaderLibrary: Display: ShaderCodeLibraryPakFileMountedCallback: PakFile 'F:/Epic Games/UE_4.27/FeaturePacks/TP_RollingBP.upack' (chunk index -1, root 'root:/') mounted
[2022.04.07-03.20.12:913][  0]LogShaderLibrary: Display: ShaderCodeLibraryPakFileMountedCallback: pending pak file info (ChunkID:-1 Root:root:/ File:F:/Epic Games/UE_4.27/FeaturePacks/TP_RollingBP.upack)
[2022.04.07-03.20.12:913][  0]LogPakFile: OnPakFileMounted2Time == 0.000057
[2022.04.07-03.20.12:914][  0]LogPakFile: PakFile PrimaryIndexSize=188
[2022.04.07-03.20.12:914][  0]LogPakFile: PakFile PathHashIndexSize=101
[2022.04.07-03.20.12:914][  0]LogPakFile: PakFile FullDirectoryIndexSize=150
[2022.04.07-03.20.12:914][  0]LogShaderLibrary: Display: ShaderCodeLibraryPakFileMountedCallback: PakFile 'F:/Epic Games/UE_4.27/FeaturePacks/TP_SideScroller.upack' (chunk index -1, root 'root:/') mounted
[2022.04.07-03.20.12:914][  0]LogShaderLibrary: Display: ShaderCodeLibraryPakFileMountedCallback: pending pak file info (ChunkID:-1 Root:root:/ File:F:/Epic Games/UE_4.27/FeaturePacks/TP_SideScroller.upack)
[2022.04.07-03.20.12:914][  0]LogPakFile: OnPakFileMounted2Time == 0.000055
[2022.04.07-03.20.12:914][  0]LogPakFile: PakFile PrimaryIndexSize=190
[2022.04.07-03.20.12:915][  0]LogPakFile: PakFile PathHashIndexSize=101
[2022.04.07-03.20.12:915][  0]LogPakFile: PakFile FullDirectoryIndexSize=154
[2022.04.07-03.20.12:915][  0]LogShaderLibrary: Display: ShaderCodeLibraryPakFileMountedCallback: PakFile 'F:/Epic Games/UE_4.27/FeaturePacks/TP_SideScrollerBP.upack' (chunk index -1, root 'root:/') mounted
[2022.04.07-03.20.12:915][  0]LogShaderLibrary: Display: ShaderCodeLibraryPakFileMountedCallback: pending pak file info (ChunkID:-1 Root:root:/ File:F:/Epic Games/UE_4.27/FeaturePacks/TP_SideScrollerBP.upack)
[2022.04.07-03.20.12:915][  0]LogPakFile: OnPakFileMounted2Time == 0.000059
[2022.04.07-03.20.12:915][  0]LogPakFile: PakFile PrimaryIndexSize=187
[2022.04.07-03.20.12:915][  0]LogPakFile: PakFile PathHashIndexSize=101
[2022.04.07-03.20.12:915][  0]LogPakFile: PakFile FullDirectoryIndexSize=148
[2022.04.07-03.20.12:915][  0]LogShaderLibrary: Display: ShaderCodeLibraryPakFileMountedCallback: PakFile 'F:/Epic Games/UE_4.27/FeaturePacks/TP_ThirdPerson.upack' (chunk index -1, root 'root:/') mounted
[2022.04.07-03.20.12:915][  0]LogShaderLibrary: Display: ShaderCodeLibraryPakFileMountedCallback: pending pak file info (ChunkID:-1 Root:root:/ File:F:/Epic Games/UE_4.27/FeaturePacks/TP_ThirdPerson.upack)
[2022.04.07-03.20.12:915][  0]LogPakFile: OnPakFileMounted2Time == 0.000055
[2022.04.07-03.20.12:916][  0]LogPakFile: PakFile PrimaryIndexSize=189
[2022.04.07-03.20.12:916][  0]LogPakFile: PakFile PathHashIndexSize=101
[2022.04.07-03.20.12:916][  0]LogPakFile: PakFile FullDirectoryIndexSize=152
[2022.04.07-03.20.12:916][  0]LogShaderLibrary: Display: ShaderCodeLibraryPakFileMountedCallback: PakFile 'F:/Epic Games/UE_4.27/FeaturePacks/TP_ThirdPersonBP.upack' (chunk index -1, root 'root:/') mounted
[2022.04.07-03.20.12:916][  0]LogShaderLibrary: Display: ShaderCodeLibraryPakFileMountedCallback: pending pak file info (ChunkID:-1 Root:root:/ File:F:/Epic Games/UE_4.27/FeaturePacks/TP_ThirdPersonBP.upack)
[2022.04.07-03.20.12:916][  0]LogPakFile: OnPakFileMounted2Time == 0.000062
[2022.04.07-03.20.12:917][  0]LogPakFile: PakFile PrimaryIndexSize=183
[2022.04.07-03.20.12:917][  0]LogPakFile: PakFile PathHashIndexSize=101
[2022.04.07-03.20.12:917][  0]LogPakFile: PakFile FullDirectoryIndexSize=140
[2022.04.07-03.20.12:917][  0]LogShaderLibrary: Display: ShaderCodeLibraryPakFileMountedCallback: PakFile 'F:/Epic Games/UE_4.27/FeaturePacks/TP_TopDown.upack' (chunk index -1, root 'root:/') mounted
[2022.04.07-03.20.12:917][  0]LogShaderLibrary: Display: ShaderCodeLibraryPakFileMountedCallback: pending pak file info (ChunkID:-1 Root:root:/ File:F:/Epic Games/UE_4.27/FeaturePacks/TP_TopDown.upack)
[2022.04.07-03.20.12:917][  0]LogPakFile: OnPakFileMounted2Time == 0.000068
[2022.04.07-03.20.12:918][  0]LogPakFile: PakFile PrimaryIndexSize=185
[2022.04.07-03.20.12:918][  0]LogPakFile: PakFile PathHashIndexSize=101
[2022.04.07-03.20.12:918][  0]LogPakFile: PakFile FullDirectoryIndexSize=144
[2022.04.07-03.20.12:918][  0]LogShaderLibrary: Display: ShaderCodeLibraryPakFileMountedCallback: PakFile 'F:/Epic Games/UE_4.27/FeaturePacks/TP_TopDownBP.upack' (chunk index -1, root 'root:/') mounted
[2022.04.07-03.20.12:918][  0]LogShaderLibrary: Display: ShaderCodeLibraryPakFileMountedCallback: pending pak file info (ChunkID:-1 Root:root:/ File:F:/Epic Games/UE_4.27/FeaturePacks/TP_TopDownBP.upack)
[2022.04.07-03.20.12:918][  0]LogPakFile: OnPakFileMounted2Time == 0.000056
[2022.04.07-03.20.12:919][  0]LogPakFile: PakFile PrimaryIndexSize=185
[2022.04.07-03.20.12:919][  0]LogPakFile: PakFile PathHashIndexSize=101
[2022.04.07-03.20.12:919][  0]LogPakFile: PakFile FullDirectoryIndexSize=144
[2022.04.07-03.20.12:919][  0]LogShaderLibrary: Display: ShaderCodeLibraryPakFileMountedCallback: PakFile 'F:/Epic Games/UE_4.27/FeaturePacks/TP_TwinStick.upack' (chunk index -1, root 'root:/') mounted
[2022.04.07-03.20.12:919][  0]LogShaderLibrary: Display: ShaderCodeLibraryPakFileMountedCallback: pending pak file info (ChunkID:-1 Root:root:/ File:F:/Epic Games/UE_4.27/FeaturePacks/TP_TwinStick.upack)
[2022.04.07-03.20.12:919][  0]LogPakFile: OnPakFileMounted2Time == 0.000058
[2022.04.07-03.20.12:920][  0]LogPakFile: PakFile PrimaryIndexSize=187
[2022.04.07-03.20.12:920][  0]LogPakFile: PakFile PathHashIndexSize=101
[2022.04.07-03.20.12:920][  0]LogPakFile: PakFile FullDirectoryIndexSize=148
[2022.04.07-03.20.12:920][  0]LogShaderLibrary: Display: ShaderCodeLibraryPakFileMountedCallback: PakFile 'F:/Epic Games/UE_4.27/FeaturePacks/TP_TwinStickBP.upack' (chunk index -1, root 'root:/') mounted
[2022.04.07-03.20.12:920][  0]LogShaderLibrary: Display: ShaderCodeLibraryPakFileMountedCallback: pending pak file info (ChunkID:-1 Root:root:/ File:F:/Epic Games/UE_4.27/FeaturePacks/TP_TwinStickBP.upack)
[2022.04.07-03.20.12:920][  0]LogPakFile: OnPakFileMounted2Time == 0.000094
[2022.04.07-03.20.12:921][  0]LogPakFile: PakFile PrimaryIndexSize=183
[2022.04.07-03.20.12:921][  0]LogPakFile: PakFile PathHashIndexSize=101
[2022.04.07-03.20.12:921][  0]LogPakFile: PakFile FullDirectoryIndexSize=140
[2022.04.07-03.20.12:921][  0]LogShaderLibrary: Display: ShaderCodeLibraryPakFileMountedCallback: PakFile 'F:/Epic Games/UE_4.27/FeaturePacks/TP_Vehicle.upack' (chunk index -1, root 'root:/') mounted
[2022.04.07-03.20.12:921][  0]LogShaderLibrary: Display: ShaderCodeLibraryPakFileMountedCallback: pending pak file info (ChunkID:-1 Root:root:/ File:F:/Epic Games/UE_4.27/FeaturePacks/TP_Vehicle.upack)
[2022.04.07-03.20.12:921][  0]LogPakFile: OnPakFileMounted2Time == 0.000064
[2022.04.07-03.20.12:922][  0]LogPakFile: PakFile PrimaryIndexSize=186
[2022.04.07-03.20.12:922][  0]LogPakFile: PakFile PathHashIndexSize=101
[2022.04.07-03.20.12:922][  0]LogPakFile: PakFile FullDirectoryIndexSize=146
[2022.04.07-03.20.12:922][  0]LogShaderLibrary: Display: ShaderCodeLibraryPakFileMountedCallback: PakFile 'F:/Epic Games/UE_4.27/FeaturePacks/TP_VehicleAdv.upack' (chunk index -1, root 'root:/') mounted
[2022.04.07-03.20.12:922][  0]LogShaderLibrary: Display: ShaderCodeLibraryPakFileMountedCallback: pending pak file info (ChunkID:-1 Root:root:/ File:F:/Epic Games/UE_4.27/FeaturePacks/TP_VehicleAdv.upack)
[2022.04.07-03.20.12:922][  0]LogPakFile: OnPakFileMounted2Time == 0.000066
[2022.04.07-03.20.12:922][  0]LogPakFile: PakFile PrimaryIndexSize=188
[2022.04.07-03.20.12:922][  0]LogPakFile: PakFile PathHashIndexSize=101
[2022.04.07-03.20.12:923][  0]LogPakFile: PakFile FullDirectoryIndexSize=150
[2022.04.07-03.20.12:923][  0]LogShaderLibrary: Display: ShaderCodeLibraryPakFileMountedCallback: PakFile 'F:/Epic Games/UE_4.27/FeaturePacks/TP_VehicleAdvBP.upack' (chunk index -1, root 'root:/') mounted
[2022.04.07-03.20.12:923][  0]LogShaderLibrary: Display: ShaderCodeLibraryPakFileMountedCallback: pending pak file info (ChunkID:-1 Root:root:/ File:F:/Epic Games/UE_4.27/FeaturePacks/TP_VehicleAdvBP.upack)
[2022.04.07-03.20.12:923][  0]LogPakFile: OnPakFileMounted2Time == 0.000091
[2022.04.07-03.20.12:923][  0]LogPakFile: PakFile PrimaryIndexSize=185
[2022.04.07-03.20.12:923][  0]LogPakFile: PakFile PathHashIndexSize=101
[2022.04.07-03.20.12:923][  0]LogPakFile: PakFile FullDirectoryIndexSize=144
[2022.04.07-03.20.12:923][  0]LogShaderLibrary: Display: ShaderCodeLibraryPakFileMountedCallback: PakFile 'F:/Epic Games/UE_4.27/FeaturePacks/TP_VehicleBP.upack' (chunk index -1, root 'root:/') mounted
[2022.04.07-03.20.12:923][  0]LogShaderLibrary: Display: ShaderCodeLibraryPakFileMountedCallback: pending pak file info (ChunkID:-1 Root:root:/ File:F:/Epic Games/UE_4.27/FeaturePacks/TP_VehicleBP.upack)
[2022.04.07-03.20.12:923][  0]LogPakFile: OnPakFileMounted2Time == 0.000052
[2022.04.07-03.20.12:924][  0]LogPakFile: PakFile PrimaryIndexSize=192
[2022.04.07-03.20.12:924][  0]LogPakFile: PakFile PathHashIndexSize=101
[2022.04.07-03.20.12:924][  0]LogPakFile: PakFile FullDirectoryIndexSize=158
[2022.04.07-03.20.12:924][  0]LogShaderLibrary: Display: ShaderCodeLibraryPakFileMountedCallback: PakFile 'F:/Epic Games/UE_4.27/FeaturePacks/TP_VirtualRealityBP.upack' (chunk index -1, root 'root:/') mounted
[2022.04.07-03.20.12:924][  0]LogShaderLibrary: Display: ShaderCodeLibraryPakFileMountedCallback: pending pak file info (ChunkID:-1 Root:root:/ File:F:/Epic Games/UE_4.27/FeaturePacks/TP_VirtualRealityBP.upack)
[2022.04.07-03.20.12:924][  0]LogPakFile: OnPakFileMounted2Time == 0.000051
[2022.04.07-03.20.12:980][  0]LogNativeClassHierarchy: Verbose: Native class hierarchy updated for 'AddContentDialog' in 0.0003 seconds. Added 0 classes and 0 folders.
[2022.04.07-03.20.13:074][  0]LogNativeClassHierarchy: Verbose: Native class hierarchy updated for 'SceneOutliner' in 0.0004 seconds. Added 2 classes and 0 folders.
[2022.04.07-03.20.13:103][  0]LogSlate: Took 0.000237 seconds to synchronously load lazily loaded font '../../../Engine/Content/Editor/Slate/Fonts/FontAwesome.ttf' (139K)
[2022.04.07-03.20.13:103][  0]LogSlate: Took 0.000219 seconds to synchronously load lazily loaded font '../../../Engine/Content/Slate/Fonts/Roboto-Bold.ttf' (160K)
[2022.04.07-03.20.13:187][  0]LogRenderer: Reallocating scene render targets to support 1260x684 Format 10 NumSamples 1 (Frame:1).
[2022.04.07-03.20.13:315][  0]LogNativeClassHierarchy: Verbose: Native class hierarchy updated for 'HierarchicalLODOutliner' in 0.0003 seconds. Added 0 classes and 0 folders.
[2022.04.07-03.20.13:315][  0]LogLoad: (Engine Initialization) Total time: 23.30 seconds
[2022.04.07-03.20.13:315][  0]LogLoad: (Engine Initialization) Total Blueprint compile time: 0.00 seconds
[2022.04.07-03.20.13:329][  0]LogLinker: Warning: Failed to load '/Engine/BasicShapes/Cube': Can't find file.
[2022.04.07-03.20.13:329][  0]LogLinker: Warning: Failed to load '/Engine/BasicShapes/Cube': Can't find file.
[2022.04.07-03.20.13:329][  0]LogUObjectGlobals: Warning: Failed to find object 'StaticMesh /Engine/BasicShapes/Cube.Cube'
[2022.04.07-03.20.13:361][  0]LogAssetRegistry: Asset discovery search completed in 17.8413 seconds
[2022.04.07-03.20.13:367][  0]LogCollectionManager: Fixed up redirectors for 0 collections in 0.000004 seconds (updated 0 objects)
[2022.04.07-03.20.13:369][  0]LogContentStreaming: Texture pool size now 1000 MB
[2022.04.07-03.20.13:458][  3]LogSlate: Took 0.000230 seconds to synchronously load lazily loaded font '../../../Engine/Content/Slate/Fonts/Roboto-Light.ttf' (167K)
[2022.04.07-03.20.15:384][218]LogEditorViewport: Clicking on Actor (LMB): StaticMeshActor (Floor)
[2022.04.07-03.20.16:036][292]LogEditorViewport: Clicking on Actor (context menu): StaticMeshActor (Floor)
[2022.04.07-03.20.22:061][834]LogSlate: Took 0.001379 seconds to synchronously load lazily loaded font '../../../Engine/Content/Slate/Fonts/DroidSansFallback.ttf' (3848K)
[2022.04.07-03.20.23:889][  4]LogEditorViewport: Clicking on Actor (context menu): StaticMeshActor (Floor)
[2022.04.07-03.20.25:929][243]LogEditorViewport: Clicking on Actor (LMB): BP_Sky_Sphere_C (SkySphereBlueprint)
[2022.04.07-03.20.26:558][315]LogEditorViewport: Clicking on Actor (context menu): StaticMeshActor (Wall1)
[2022.04.07-03.20.27:270][394]LogEditorViewport: Clicking on Actor (LMB): StaticMeshActor (EditorCube8)
[2022.04.07-03.20.38:997][577]LogSlate: Took 0.000249 seconds to synchronously load lazily loaded font '../../../Engine/Content/Slate/Fonts/Roboto-Italic.ttf' (157K)
[2022.04.07-03.20.48:147][806]LogUObjectHash: Compacting FUObjectHashTables data took   0.72ms
